<?xml version="1.0" encoding="UTF-8"?>
<robot generator="Robot 4.0.3 (Python 3.7.5 on win32)" generated="20210604 16:35:05.244" rpa="true" schemaversion="2">
<suite id="s1" name="Tasks" source="c:\Users\Shriraj.Joshi\.vscode\Robo31\tasks.robot">
<test id="s1-t1" name="Minimal task">
<kw name="Log" library="BuiltIn">
<arg>This is logging here</arg>
<doc>Logs the given message with the given level.</doc>
<msg timestamp="20210604 16:35:07.618" level="INFO">This is logging here</msg>
<status status="PASS" starttime="20210604 16:35:07.616" endtime="20210604 16:35:07.618"/>
</kw>
<kw name="Open_Browser_and_Maximise">
<kw name="Log" library="BuiltIn">
<arg>OPening Browser...</arg>
<doc>Logs the given message with the given level.</doc>
<msg timestamp="20210604 16:35:07.623" level="INFO">OPening Browser...</msg>
<status status="PASS" starttime="20210604 16:35:07.622" endtime="20210604 16:35:07.623"/>
</kw>
<kw name="Get and log the value of the vault secrets using the Get Secret keyword &amp; visit website">
<kw name="Get Secret" library="RPA.Robocloud.Secrets">
<var>${secret}</var>
<arg>VaultOne</arg>
<doc>Read a secret from the configured source, e.g. Robocloud Vault,
and return it as a ``Secret`` object.</doc>
<msg timestamp="20210604 16:35:07.627" level="INFO">Protecting keyword: rpa.robocloud.secrets.get_secret</msg>
<msg timestamp="20210604 16:35:07.631" level="INFO">Log level changed from NONE to INFO.</msg>
<status status="PASS" starttime="20210604 16:35:07.626" endtime="20210604 16:35:07.629"/>
</kw>
<kw name="Log" library="BuiltIn">
<arg>${secret}[Website_URL]</arg>
<doc>Logs the given message with the given level.</doc>
<msg timestamp="20210604 16:35:07.633" level="INFO">https://robotsparebinindustries.com/#/robot-order</msg>
<status status="PASS" starttime="20210604 16:35:07.632" endtime="20210604 16:35:07.633"/>
</kw>
<kw name="Open Available Browser" library="RPA.Browser">
<arg>${secret}[Website_URL]</arg>
<doc>Attempts to open a browser on the user's device from a set of
supported browsers. Automatically downloads a corresponding webdriver
if none is already installed.</doc>
<msg timestamp="20210604 16:35:07.637" level="INFO">Creating an instance of the Chrome WebDriver.</msg>
<msg timestamp="20210604 16:35:07.655" level="INFO">Created download root directory: C:\Users\Shriraj.Joshi\AppData\Local\robocorp\webdrivers</msg>
<msg timestamp="20210604 16:35:07.656" level="INFO">Created symlink directory: C:\Users\Shriraj.Joshi\AppData\Local\robocorp\webdrivers</msg>
<msg timestamp="20210604 16:35:07.657" level="INFO">Creating an instance of the Chrome WebDriver.</msg>
<msg timestamp="20210604 16:35:09.028" level="INFO">Created Chrome browser with arguments: --disable-dev-shm-usage --disable-web-security --allow-running-insecure-content --no-sandbox</msg>
<msg timestamp="20210604 16:35:09.028" level="INFO" html="true">&lt;p&gt;Attempted combinations:&lt;/p&gt;&lt;div class="doc"&gt;&lt;table&gt;&lt;tr&gt;&lt;th&gt;Browser&lt;/th&gt;&lt;th&gt;Download&lt;/th&gt;&lt;th&gt;Error&lt;/th&gt;&lt;/tr&gt;&lt;tr&gt;&lt;td&gt;Chrome&lt;/td&gt;&lt;td&gt;False&lt;/td&gt;&lt;td&gt;Message: 'chromedriver' executable needs to be in PATH. Please see https://sites.google.com/a/chromium.org/chromedriver/home
&lt;/td&gt;&lt;/tr&gt;&lt;tr&gt;&lt;td&gt;Chrome&lt;/td&gt;&lt;td&gt;True&lt;/td&gt;&lt;td&gt;&lt;/td&gt;&lt;/tr&gt;&lt;/table&gt;&lt;/div&gt;</msg>
<msg timestamp="20210604 16:35:09.029" level="INFO">Opening url 'https://robotsparebinindustries.com/#/robot-order'</msg>
<status status="PASS" starttime="20210604 16:35:07.635" endtime="20210604 16:35:15.065"/>
</kw>
<status status="PASS" starttime="20210604 16:35:07.624" endtime="20210604 16:35:15.069"/>
</kw>
<kw name="Maximize Browser Window" library="RPA.Browser">
<doc>Maximizes current browser window.</doc>
<status status="PASS" starttime="20210604 16:35:15.074" endtime="20210604 16:35:15.217"/>
</kw>
<kw name="Wait And Click Button" library="RPA.Browser">
<arg>xpath://button[contains(text(),'OK')]</arg>
<doc>Click button identified by ``locator``, once it becomes visible.</doc>
<msg timestamp="20210604 16:35:15.303" level="INFO">Clicking button 'xpath://button[contains(text(),'OK')]'.</msg>
<status status="PASS" starttime="20210604 16:35:15.221" endtime="20210604 16:35:15.366"/>
</kw>
<status status="PASS" starttime="20210604 16:35:07.620" endtime="20210604 16:35:15.368"/>
</kw>
<kw name="Collect csv File From User">
<var>${excel_file_path}</var>
<kw name="Add heading" library="RPA.Dialogs">
<arg>Upload csv File</arg>
<doc>Add a centered heading text element</doc>
<status status="PASS" starttime="20210604 16:35:15.371" endtime="20210604 16:35:15.372"/>
</kw>
<kw name="Add file input" library="RPA.Dialogs">
<arg>label=Upload the Excel file with sales data</arg>
<arg>name=fileupload</arg>
<arg>file_type=csv files (*.csv)</arg>
<arg>destination=c:\\Users\\Shriraj.Joshi\\.vscode\\Robo31${/}output</arg>
<tag>input</tag>
<doc>Add a file input element</doc>
<status status="PASS" starttime="20210604 16:35:15.373" endtime="20210604 16:35:15.375"/>
</kw>
<kw name="Run dialog" library="RPA.Dialogs">
<var>${response}</var>
<tag>dialog</tag>
<doc>Create a dialog from all the defined elements and block
until the user has handled it.</doc>
<msg timestamp="20210604 16:35:15.377" level="INFO">Protecting keyword: rpa.dialogs.run_dialog</msg>
<msg timestamp="20210604 16:35:25.916" level="INFO">Log level changed from NONE to INFO.</msg>
<status status="PASS" starttime="20210604 16:35:15.377" endtime="20210604 16:35:25.915"/>
</kw>
<msg timestamp="20210604 16:35:25.919" level="INFO">${excel_file_path} = c:\Users\Shriraj.Joshi\.vscode\Robo31\output\orders.csv</msg>
<status status="PASS" starttime="20210604 16:35:15.369" endtime="20210604 16:35:25.919"/>
</kw>
<kw name="Set Global Variable" library="BuiltIn">
<arg>${excel_file_path}</arg>
<doc>Makes a variable available globally in all tests and suites.</doc>
<msg timestamp="20210604 16:35:25.922" level="INFO">${excel_file_path} = c:\Users\Shriraj.Joshi\.vscode\Robo31\output\orders.csv</msg>
<status status="PASS" starttime="20210604 16:35:25.921" endtime="20210604 16:35:25.923"/>
</kw>
<kw name="Read_the_Excel_worksheet_data_by_opening_workbook">
<kw name="Read table from CSV" library="RPA.Tables">
<var>@{table}</var>
<arg>${excel_file_path}</arg>
<arg>header=True</arg>
<doc>Read a CSV file as a table.</doc>
<msg timestamp="20210604 16:35:25.950" level="INFO">@{table} = [ {'Order number': '1', 'Head': '1', 'Body': '2', 'Legs': '3', 'Address': 'Address 123'} | {'Order number': '2', 'Head': '4', 'Body': '1', 'Legs': '5', 'Address': 'Address 456'} | {'Order number': '3'...</msg>
<status status="PASS" starttime="20210604 16:35:25.926" endtime="20210604 16:35:25.950"/>
</kw>
<kw name="Log" library="BuiltIn">
<arg>This is tables:Found columns: @{table}</arg>
<doc>Logs the given message with the given level.</doc>
<msg timestamp="20210604 16:35:25.953" level="INFO">This is tables:Found columns: [{'Order number': '1', 'Head': '1', 'Body': '2', 'Legs': '3', 'Address': 'Address 123'}, {'Order number': '2', 'Head': '4', 'Body': '1', 'Legs': '5', 'Address': 'Address 456'}, {'Order number': '3', 'Head': '6', 'Body': '2', 'Legs': '3', 'Address': 'Address 789'}, {'Order number': '4', 'Head': '2', 'Body': '3', 'Legs': '2', 'Address': 'Address 1'}, {'Order number': '5', 'Head': '3', 'Body': '5', 'Legs': '1', 'Address': 'Address 2'}, {'Order number': '6', 'Head': '1', 'Body': '6', 'Legs': '6', 'Address': 'Address 3'}, {'Order number': '7', 'Head': '5', 'Body': '1', 'Legs': '5', 'Address': 'Address 4'}, {'Order number': '8', 'Head': '2', 'Body': '3', 'Legs': '3', 'Address': 'Address 5'}, {'Order number': '9', 'Head': '3', 'Body': '2', 'Legs': '2', 'Address': 'Address 6'}, {'Order number': '10', 'Head': '4', 'Body': '4', 'Legs': '2', 'Address': 'Address 7'}, {'Order number': '11', 'Head': '6', 'Body': '6', 'Legs': '1', 'Address': 'Address 8'}, {'Order number': '12', 'Head': '1', 'Body': '3', 'Legs': '3', 'Address': 'Address 9'}, {'Order number': '13', 'Head': '1', 'Body': '5', 'Legs': '4', 'Address': 'Address A'}, {'Order number': '14', 'Head': '3', 'Body': '1', 'Legs': '5', 'Address': 'Address B'}, {'Order number': '15', 'Head': '3', 'Body': '2', 'Legs': '6', 'Address': 'Address C'}, {'Order number': '16', 'Head': '6', 'Body': '3', 'Legs': '6', 'Address': 'Address D'}, {'Order number': '17', 'Head': '5', 'Body': '4', 'Legs': '1', 'Address': 'Address E'}, {'Order number': '18', 'Head': '2', 'Body': '5', 'Legs': '1', 'Address': 'Address F'}, {'Order number': '19', 'Head': '4', 'Body': '6', 'Legs': '2', 'Address': 'Address G'}, {'Order number': '20', 'Head': '1', 'Body': '1', 'Legs': '5', 'Address': 'Address H'}]</msg>
<status status="PASS" starttime="20210604 16:35:25.952" endtime="20210604 16:35:25.953"/>
</kw>
<kw name="Set Global Variable" library="BuiltIn">
<arg>@{table}</arg>
<doc>Makes a variable available globally in all tests and suites.</doc>
<msg timestamp="20210604 16:35:25.957" level="INFO">@{table} = [ {'Order number': '1', 'Head': '1', 'Body': '2', 'Legs': '3', 'Address': 'Address 123'} | {'Order number': '2', 'Head': '4', 'Body': '1', 'Legs': '5', 'Address': 'Address 456'} | {'Order number': '3'...</msg>
<status status="PASS" starttime="20210604 16:35:25.955" endtime="20210604 16:35:25.957"/>
</kw>
<status status="PASS" starttime="20210604 16:35:25.924" endtime="20210604 16:35:25.958"/>
</kw>
<kw name="Read_the_tabel_and_apply_For_loop">
<for flavor="IN">
<var>${Li}</var>
<value>${table}</value>
<iter>
<var name="${Li}">[{'Order number': '1', 'Head': '1', 'Body': '2', 'Legs': '3', 'Address': 'Address 123'}, {'Order number': '2', 'Head': '4', 'Body': '1', 'Legs': '5', 'Address': 'Address 456'}, {'Order number': '3', '...</var>
<kw name="Log" library="BuiltIn">
<arg>This is value of Li now-</arg>
<doc>Logs the given message with the given level.</doc>
<msg timestamp="20210604 16:35:25.964" level="INFO">This is value of Li now-</msg>
<status status="PASS" starttime="20210604 16:35:25.963" endtime="20210604 16:35:25.965"/>
</kw>
<kw name="Log" library="BuiltIn">
<arg>${Li}</arg>
<doc>Logs the given message with the given level.</doc>
<msg timestamp="20210604 16:35:25.967" level="INFO">[{'Order number': '1', 'Head': '1', 'Body': '2', 'Legs': '3', 'Address': 'Address 123'}, {'Order number': '2', 'Head': '4', 'Body': '1', 'Legs': '5', 'Address': 'Address 456'}, {'Order number': '3', 'Head': '6', 'Body': '2', 'Legs': '3', 'Address': 'Address 789'}, {'Order number': '4', 'Head': '2', 'Body': '3', 'Legs': '2', 'Address': 'Address 1'}, {'Order number': '5', 'Head': '3', 'Body': '5', 'Legs': '1', 'Address': 'Address 2'}, {'Order number': '6', 'Head': '1', 'Body': '6', 'Legs': '6', 'Address': 'Address 3'}, {'Order number': '7', 'Head': '5', 'Body': '1', 'Legs': '5', 'Address': 'Address 4'}, {'Order number': '8', 'Head': '2', 'Body': '3', 'Legs': '3', 'Address': 'Address 5'}, {'Order number': '9', 'Head': '3', 'Body': '2', 'Legs': '2', 'Address': 'Address 6'}, {'Order number': '10', 'Head': '4', 'Body': '4', 'Legs': '2', 'Address': 'Address 7'}, {'Order number': '11', 'Head': '6', 'Body': '6', 'Legs': '1', 'Address': 'Address 8'}, {'Order number': '12', 'Head': '1', 'Body': '3', 'Legs': '3', 'Address': 'Address 9'}, {'Order number': '13', 'Head': '1', 'Body': '5', 'Legs': '4', 'Address': 'Address A'}, {'Order number': '14', 'Head': '3', 'Body': '1', 'Legs': '5', 'Address': 'Address B'}, {'Order number': '15', 'Head': '3', 'Body': '2', 'Legs': '6', 'Address': 'Address C'}, {'Order number': '16', 'Head': '6', 'Body': '3', 'Legs': '6', 'Address': 'Address D'}, {'Order number': '17', 'Head': '5', 'Body': '4', 'Legs': '1', 'Address': 'Address E'}, {'Order number': '18', 'Head': '2', 'Body': '5', 'Legs': '1', 'Address': 'Address F'}, {'Order number': '19', 'Head': '4', 'Body': '6', 'Legs': '2', 'Address': 'Address G'}, {'Order number': '20', 'Head': '1', 'Body': '1', 'Legs': '5', 'Address': 'Address H'}]</msg>
<status status="PASS" starttime="20210604 16:35:25.966" endtime="20210604 16:35:25.968"/>
</kw>
<kw name="Set Global Variable" library="BuiltIn">
<arg>${Li}</arg>
<doc>Makes a variable available globally in all tests and suites.</doc>
<msg timestamp="20210604 16:35:25.971" level="INFO">${Li} = [{'Order number': '1', 'Head': '1', 'Body': '2', 'Legs': '3', 'Address': 'Address 123'}, {'Order number': '2', 'Head': '4', 'Body': '1', 'Legs': '5', 'Address': 'Address 456'}, {'Order number': '3', '...</msg>
<status status="PASS" starttime="20210604 16:35:25.969" endtime="20210604 16:35:25.971"/>
</kw>
<status status="PASS" starttime="20210604 16:35:25.962" endtime="20210604 16:35:25.972"/>
</iter>
<status status="PASS" starttime="20210604 16:35:25.961" endtime="20210604 16:35:25.973"/>
</for>
<status status="PASS" starttime="20210604 16:35:25.959" endtime="20210604 16:35:25.974"/>
</kw>
<kw name="Create_List_to_store_img">
<kw name="Create List" library="BuiltIn">
<var>${files}</var>
<doc>Returns a list containing given items.</doc>
<msg timestamp="20210604 16:35:25.978" level="INFO">${files} = []</msg>
<status status="PASS" starttime="20210604 16:35:25.977" endtime="20210604 16:35:25.978"/>
</kw>
<kw name="Set Global Variable" library="BuiltIn">
<arg>${files}</arg>
<doc>Makes a variable available globally in all tests and suites.</doc>
<msg timestamp="20210604 16:35:25.982" level="INFO">${files} = []</msg>
<status status="PASS" starttime="20210604 16:35:25.980" endtime="20210604 16:35:25.982"/>
</kw>
<status status="PASS" starttime="20210604 16:35:25.975" endtime="20210604 16:35:25.983"/>
</kw>
<kw name="Fill_and_submit">
<kw name="Log" library="BuiltIn">
<arg>Itertaing every list item to find out Address...</arg>
<doc>Logs the given message with the given level.</doc>
<msg timestamp="20210604 16:35:25.987" level="INFO">Itertaing every list item to find out Address...</msg>
<status status="PASS" starttime="20210604 16:35:25.986" endtime="20210604 16:35:25.988"/>
</kw>
<for flavor="IN">
<var>${D}</var>
<value>${Li}</value>
<iter>
<var name="${D}">[{'Order number': '1', 'Head': '1', 'Body': '2', 'Legs': '3', 'Address': 'Address 123'}, {'Order number': '2', 'Head': '4', 'Body': '1', 'Legs': '5', 'Address': 'Address 456'}, {'Order number': '3', '...</var>
<for flavor="IN">
<var>${D2}</var>
<value>@{D}</value>
<iter>
<var name="${D2}">{'Order number': '1', 'Head': '1', 'Body': '2', 'Legs': '3', 'Address': 'Address 123'}</var>
<kw name="Log" library="BuiltIn">
<arg>${D2}[Order number]</arg>
<doc>Logs the given message with the given level.</doc>
<msg timestamp="20210604 16:35:25.994" level="INFO">1</msg>
<status status="PASS" starttime="20210604 16:35:25.993" endtime="20210604 16:35:25.995"/>
</kw>
<kw name="Log" library="BuiltIn">
<arg>${D2}[Head]</arg>
<doc>Logs the given message with the given level.</doc>
<msg timestamp="20210604 16:35:25.997" level="INFO">1</msg>
<status status="PASS" starttime="20210604 16:35:25.996" endtime="20210604 16:35:25.997"/>
</kw>
<kw name="Sleep" library="BuiltIn">
<arg>1s</arg>
<doc>Pauses the test executed for the given time.</doc>
<msg timestamp="20210604 16:35:27.006" level="INFO">Slept 1 second</msg>
<status status="PASS" starttime="20210604 16:35:25.999" endtime="20210604 16:35:27.008"/>
</kw>
<kw name="Set Selenium Speed" library="RPA.Browser">
<arg>0.25 seconds</arg>
<doc>Sets the delay that is waited after each Selenium command.</doc>
<status status="PASS" starttime="20210604 16:35:27.015" endtime="20210604 16:35:27.025"/>
</kw>
<kw name="Select From List By Value" library="RPA.Browser">
<arg>xpath://select[@id='head']</arg>
<arg>${D2}[Head]</arg>
<doc>Selects options from selection list ``locator`` by ``values``.</doc>
<msg timestamp="20210604 16:35:27.043" level="INFO">Selecting options from selection list 'xpath://select[@id='head']' by value 1.</msg>
<status status="PASS" starttime="20210604 16:35:27.035" endtime="20210604 16:35:29.044"/>
</kw>
<kw name="Log" library="BuiltIn">
<arg>${D2}[Body]</arg>
<doc>Logs the given message with the given level.</doc>
<msg timestamp="20210604 16:35:29.060" level="INFO">2</msg>
<status status="PASS" starttime="20210604 16:35:29.053" endtime="20210604 16:35:29.062"/>
</kw>
<kw name="Click Element When Visible" library="RPA.Browser">
<arg>xpath://input[@id='id-body-${D2}[Body]']</arg>
<doc>Click element identified by ``locator``, once it becomes visible.</doc>
<msg timestamp="20210604 16:35:29.670" level="INFO">Clicking element 'xpath://input[@id='id-body-2']'.</msg>
<status status="PASS" starttime="20210604 16:35:29.068" endtime="20210604 16:35:30.331"/>
</kw>
<kw name="Log" library="BuiltIn">
<arg>${D2}[Legs]</arg>
<doc>Logs the given message with the given level.</doc>
<msg timestamp="20210604 16:35:30.347" level="INFO">3</msg>
<status status="PASS" starttime="20210604 16:35:30.341" endtime="20210604 16:35:30.348"/>
</kw>
<kw name="Input Text When Element Is Visible" library="RPA.Browser">
<arg>xpath://input[@placeholder='Enter the part number for the legs']</arg>
<arg>${D2}[Legs]</arg>
<doc>Input text into locator after it has become visible.</doc>
<msg timestamp="20210604 16:35:30.914" level="INFO">Typing text '3' into text field 'xpath://input[@placeholder='Enter the part number for the legs']'.</msg>
<status status="PASS" starttime="20210604 16:35:30.353" endtime="20210604 16:35:31.921"/>
</kw>
<kw name="Log" library="BuiltIn">
<arg>${D2}[Address]</arg>
<doc>Logs the given message with the given level.</doc>
<msg timestamp="20210604 16:35:31.939" level="INFO">Address 123</msg>
<status status="PASS" starttime="20210604 16:35:31.930" endtime="20210604 16:35:31.941"/>
</kw>
<kw name="Input Text When Element Is Visible" library="RPA.Browser">
<arg>xpath://input[@id='address']</arg>
<arg>${D2}[Address]</arg>
<doc>Input text into locator after it has become visible.</doc>
<msg timestamp="20210604 16:35:32.543" level="INFO">Typing text 'Address 123' into text field 'xpath://input[@id='address']'.</msg>
<status status="PASS" starttime="20210604 16:35:31.948" endtime="20210604 16:35:33.577"/>
</kw>
<kw name="Click Button When Visible" library="RPA.Browser">
<arg>xpath://button[@id='preview']</arg>
<doc>Click button identified by ``locator``, once it becomes visible.</doc>
<msg timestamp="20210604 16:35:34.142" level="INFO">Clicking button 'xpath://button[@id='preview']'.</msg>
<status status="PASS" starttime="20210604 16:35:33.578" endtime="20210604 16:35:35.652"/>
</kw>
<kw name="Wait Until Keyword Succeeds" library="BuiltIn">
<arg>3 min</arg>
<arg>3 sec</arg>
<arg>Click_On_Order_Button</arg>
<doc>Runs the specified keyword and retries if it fails.</doc>
<kw name="Click_On_Order_Button">
<kw name="Click Element If Visible" library="RPA.Browser">
<arg>xpath://button[@id='order']</arg>
<doc>Click element if it is visible</doc>
<msg timestamp="20210604 16:35:36.249" level="INFO">Element 'xpath://button[@id='order']' is displayed.</msg>
<msg timestamp="20210604 16:35:36.249" level="INFO">Clicking element 'xpath://button[@id='order']'.</msg>
<status status="PASS" starttime="20210604 16:35:35.680" endtime="20210604 16:35:36.845"/>
</kw>
<status status="PASS" starttime="20210604 16:35:35.668" endtime="20210604 16:35:36.854"/>
</kw>
<status status="PASS" starttime="20210604 16:35:35.660" endtime="20210604 16:35:36.860"/>
</kw>
<kw name="Click Element If Visible" library="RPA.Browser">
<arg>xpath://button[@id='order']</arg>
<doc>Click element if it is visible</doc>
<msg timestamp="20210604 16:35:37.425" level="INFO">Element 'xpath://button[@id='order']' is displayed.</msg>
<msg timestamp="20210604 16:35:37.426" level="INFO">Clicking element 'xpath://button[@id='order']'.</msg>
<status status="PASS" starttime="20210604 16:35:36.867" endtime="20210604 16:35:37.989"/>
</kw>
<kw name="Click Element If Visible" library="RPA.Browser">
<arg>xpath://button[@id='order']</arg>
<doc>Click element if it is visible</doc>
<msg timestamp="20210604 16:35:38.257" level="INFO" html="true">Ran with keyword &lt;b&gt;Element Should Be Visible&lt;/b&gt; which returned error: &lt;i&gt;Element with locator 'xpath://button[@id='order']' not found.&lt;/i&gt;</msg>
<status status="PASS" starttime="20210604 16:35:37.990" endtime="20210604 16:35:38.257"/>
</kw>
<kw name="Click Element If Visible" library="RPA.Browser">
<arg>xpath://button[@id='order']</arg>
<doc>Click element if it is visible</doc>
<msg timestamp="20210604 16:35:38.525" level="INFO" html="true">Ran with keyword &lt;b&gt;Element Should Be Visible&lt;/b&gt; which returned error: &lt;i&gt;Element with locator 'xpath://button[@id='order']' not found.&lt;/i&gt;</msg>
<status status="PASS" starttime="20210604 16:35:38.259" endtime="20210604 16:35:38.528"/>
</kw>
<kw name="Wait Until Keyword Succeeds" library="BuiltIn">
<arg>1 min</arg>
<arg>3 sec</arg>
<arg>Wait Until Page Contains</arg>
<arg>Receipt</arg>
<arg>0.5s</arg>
<doc>Runs the specified keyword and retries if it fails.</doc>
<kw name="Wait Until Page Contains" library="RPA.Browser">
<arg>Receipt</arg>
<arg>0.5s</arg>
<doc>Waits until ``text`` appears on the current page.</doc>
<status status="PASS" starttime="20210604 16:35:38.549" endtime="20210604 16:35:38.825"/>
</kw>
<status status="PASS" starttime="20210604 16:35:38.539" endtime="20210604 16:35:38.826"/>
</kw>
<kw name="Create Directory" library="RPA.FileSystem">
<arg>${OUTPUT_DIR}\\Screenshots</arg>
<doc>Creates a directory and (optionally) non-existing parent directories.</doc>
<msg timestamp="20210604 16:35:38.827" level="WARN">Keyword 'Create Directory' found both from a custom test library 'RPA.FileSystem' and a standard library 'OperatingSystem'. The custom keyword is used. To select explicitly, and to get rid of this warning, use either 'RPA.FileSystem.Create Directory' or 'OperatingSystem.Create Directory'.</msg>
<status status="PASS" starttime="20210604 16:35:38.827" endtime="20210604 16:35:38.830"/>
</kw>
<kw name="Capture Element Screenshot" library="RPA.Browser">
<arg>xpath://div[@id='receipt']</arg>
<arg>${OUTPUT_DIR}\\Screenshots\\Receipt-${D2}[Order number].png</arg>
<doc>Captures a screenshot from the element identified by ``locator`` and embeds it into log file.</doc>
<msg timestamp="20210604 16:35:39.438" level="INFO" html="true">&lt;/td&gt;&lt;/tr&gt;&lt;tr&gt;&lt;td colspan="3"&gt;&lt;a href="Screenshots/Receipt-1.png"&gt;&lt;img src="Screenshots/Receipt-1.png" width="400px"&gt;&lt;/a&gt;</msg>
<status status="PASS" starttime="20210604 16:35:38.832" endtime="20210604 16:35:39.438"/>
</kw>
<kw name="Append To List" library="Collections">
<arg>${files}</arg>
<arg>${OUTPUT_DIR}\\Screenshots\\Receipt-${D2}[Order number].png</arg>
<doc>Adds ``values`` to the end of ``list``.</doc>
<status status="PASS" starttime="20210604 16:35:39.440" endtime="20210604 16:35:39.442"/>
</kw>
<kw name="Capture Element Screenshot" library="RPA.Browser">
<arg>xpath://div[@id='robot-preview-image']</arg>
<arg>${OUTPUT_DIR}\\Screenshots\\RobotImage-${D2}[Order number].png</arg>
<doc>Captures a screenshot from the element identified by ``locator`` and embeds it into log file.</doc>
<msg timestamp="20210604 16:35:40.070" level="INFO" html="true">&lt;/td&gt;&lt;/tr&gt;&lt;tr&gt;&lt;td colspan="3"&gt;&lt;a href="Screenshots/RobotImage-1.png"&gt;&lt;img src="Screenshots/RobotImage-1.png" width="400px"&gt;&lt;/a&gt;</msg>
<status status="PASS" starttime="20210604 16:35:39.443" endtime="20210604 16:35:40.071"/>
</kw>
<kw name="Append To List" library="Collections">
<arg>${files}</arg>
<arg>${OUTPUT_DIR}\\Screenshots\\RobotImage-${D2}[Order number].png</arg>
<doc>Adds ``values`` to the end of ``list``.</doc>
<status status="PASS" starttime="20210604 16:35:40.073" endtime="20210604 16:35:40.077"/>
</kw>
<kw name="Log List" library="Collections">
<arg>${files}</arg>
<doc>Logs the length and contents of the ``list`` using given ``level``.</doc>
<msg timestamp="20210604 16:35:40.082" level="INFO">List length is 2 and it contains following items:
0: c:\Users\Shriraj.Joshi\.vscode\Screenshots\Receipt-1.png
1: c:\Users\Shriraj.Joshi\.vscode\Screenshots\RobotImage-1.png</msg>
<status status="PASS" starttime="20210604 16:35:40.079" endtime="20210604 16:35:40.082"/>
</kw>
<kw name="Create Directory" library="RPA.FileSystem">
<arg>${OUTPUT_DIR}\\pdf</arg>
<doc>Creates a directory and (optionally) non-existing parent directories.</doc>
<msg timestamp="20210604 16:35:40.083" level="WARN">Keyword 'Create Directory' found both from a custom test library 'RPA.FileSystem' and a standard library 'OperatingSystem'. The custom keyword is used. To select explicitly, and to get rid of this warning, use either 'RPA.FileSystem.Create Directory' or 'OperatingSystem.Create Directory'.</msg>
<status status="PASS" starttime="20210604 16:35:40.083" endtime="20210604 16:35:40.087"/>
</kw>
<kw name="Add Files To Pdf" library="RPA.PDF">
<arg>${files}</arg>
<arg>${OUTPUT_DIR}\\pdf\\${D2}[Order number].pdf</arg>
<doc>Add images and/or pdfs to new PDF document</doc>
<msg timestamp="20210604 16:35:40.102" level="INFO">File c:\Users\Shriraj.Joshi\.vscode\Screenshots\Receipt-1.png type: png</msg>
<msg timestamp="20210604 16:35:40.102" level="INFO">Image parameters: {}</msg>
<msg timestamp="20210604 16:35:40.168" level="INFO">File c:\Users\Shriraj.Joshi\.vscode\Screenshots\RobotImage-1.png type: png</msg>
<msg timestamp="20210604 16:35:40.168" level="INFO">Image parameters: {}</msg>
<status status="PASS" starttime="20210604 16:35:40.090" endtime="20210604 16:35:40.211"/>
</kw>
<kw name="Remove From List" library="Collections">
<arg>${files}</arg>
<arg>0</arg>
<doc>Removes and returns the value specified with an ``index`` from ``list``.</doc>
<status status="PASS" starttime="20210604 16:35:40.212" endtime="20210604 16:35:40.214"/>
</kw>
<kw name="Remove From List" library="Collections">
<arg>${files}</arg>
<arg>0</arg>
<doc>Removes and returns the value specified with an ``index`` from ``list``.</doc>
<status status="PASS" starttime="20210604 16:35:40.215" endtime="20210604 16:35:40.217"/>
</kw>
<kw name="Click Button When Visible" library="RPA.Browser">
<arg>xpath://button[@id='order-another']</arg>
<doc>Click button identified by ``locator``, once it becomes visible.</doc>
<msg timestamp="20210604 16:35:40.759" level="INFO">Clicking button 'xpath://button[@id='order-another']'.</msg>
<status status="PASS" starttime="20210604 16:35:40.218" endtime="20210604 16:35:42.472"/>
</kw>
<kw name="Wait And Click Button" library="RPA.Browser">
<arg>xpath://button[contains(text(),'OK')]</arg>
<doc>Click button identified by ``locator``, once it becomes visible.</doc>
<msg timestamp="20210604 16:35:43.005" level="INFO">Clicking button 'xpath://button[contains(text(),'OK')]'.</msg>
<status status="PASS" starttime="20210604 16:35:42.474" endtime="20210604 16:35:44.391"/>
</kw>
<status status="PASS" starttime="20210604 16:35:25.992" endtime="20210604 16:35:44.392"/>
</iter>
<iter>
<var name="${D2}">{'Order number': '2', 'Head': '4', 'Body': '1', 'Legs': '5', 'Address': 'Address 456'}</var>
<kw name="Log" library="BuiltIn">
<arg>${D2}[Order number]</arg>
<doc>Logs the given message with the given level.</doc>
<msg timestamp="20210604 16:35:44.396" level="INFO">2</msg>
<status status="PASS" starttime="20210604 16:35:44.395" endtime="20210604 16:35:44.396"/>
</kw>
<kw name="Log" library="BuiltIn">
<arg>${D2}[Head]</arg>
<doc>Logs the given message with the given level.</doc>
<msg timestamp="20210604 16:35:44.399" level="INFO">4</msg>
<status status="PASS" starttime="20210604 16:35:44.397" endtime="20210604 16:35:44.399"/>
</kw>
<kw name="Sleep" library="BuiltIn">
<arg>1s</arg>
<doc>Pauses the test executed for the given time.</doc>
<msg timestamp="20210604 16:35:45.406" level="INFO">Slept 1 second</msg>
<status status="PASS" starttime="20210604 16:35:44.400" endtime="20210604 16:35:45.408"/>
</kw>
<kw name="Set Selenium Speed" library="RPA.Browser">
<arg>0.25 seconds</arg>
<doc>Sets the delay that is waited after each Selenium command.</doc>
<status status="PASS" starttime="20210604 16:35:45.415" endtime="20210604 16:35:45.422"/>
</kw>
<kw name="Select From List By Value" library="RPA.Browser">
<arg>xpath://select[@id='head']</arg>
<arg>${D2}[Head]</arg>
<doc>Selects options from selection list ``locator`` by ``values``.</doc>
<msg timestamp="20210604 16:35:45.431" level="INFO">Selecting options from selection list 'xpath://select[@id='head']' by value 4.</msg>
<status status="PASS" starttime="20210604 16:35:45.427" endtime="20210604 16:35:47.447"/>
</kw>
<kw name="Log" library="BuiltIn">
<arg>${D2}[Body]</arg>
<doc>Logs the given message with the given level.</doc>
<msg timestamp="20210604 16:35:47.463" level="INFO">1</msg>
<status status="PASS" starttime="20210604 16:35:47.456" endtime="20210604 16:35:47.465"/>
</kw>
<kw name="Click Element When Visible" library="RPA.Browser">
<arg>xpath://input[@id='id-body-${D2}[Body]']</arg>
<doc>Click element identified by ``locator``, once it becomes visible.</doc>
<msg timestamp="20210604 16:35:48.058" level="INFO">Clicking element 'xpath://input[@id='id-body-1']'.</msg>
<status status="PASS" starttime="20210604 16:35:47.470" endtime="20210604 16:35:48.719"/>
</kw>
<kw name="Log" library="BuiltIn">
<arg>${D2}[Legs]</arg>
<doc>Logs the given message with the given level.</doc>
<msg timestamp="20210604 16:35:48.738" level="INFO">5</msg>
<status status="PASS" starttime="20210604 16:35:48.729" endtime="20210604 16:35:48.739"/>
</kw>
<kw name="Input Text When Element Is Visible" library="RPA.Browser">
<arg>xpath://input[@placeholder='Enter the part number for the legs']</arg>
<arg>${D2}[Legs]</arg>
<doc>Input text into locator after it has become visible.</doc>
<msg timestamp="20210604 16:35:49.327" level="INFO">Typing text '5' into text field 'xpath://input[@placeholder='Enter the part number for the legs']'.</msg>
<status status="PASS" starttime="20210604 16:35:48.746" endtime="20210604 16:35:50.220"/>
</kw>
<kw name="Log" library="BuiltIn">
<arg>${D2}[Address]</arg>
<doc>Logs the given message with the given level.</doc>
<msg timestamp="20210604 16:35:50.236" level="INFO">Address 456</msg>
<status status="PASS" starttime="20210604 16:35:50.231" endtime="20210604 16:35:50.237"/>
</kw>
<kw name="Input Text When Element Is Visible" library="RPA.Browser">
<arg>xpath://input[@id='address']</arg>
<arg>${D2}[Address]</arg>
<doc>Input text into locator after it has become visible.</doc>
<msg timestamp="20210604 16:35:50.817" level="INFO">Typing text 'Address 456' into text field 'xpath://input[@id='address']'.</msg>
<status status="PASS" starttime="20210604 16:35:50.240" endtime="20210604 16:35:51.867"/>
</kw>
<kw name="Click Button When Visible" library="RPA.Browser">
<arg>xpath://button[@id='preview']</arg>
<doc>Click button identified by ``locator``, once it becomes visible.</doc>
<msg timestamp="20210604 16:35:52.481" level="INFO">Clicking button 'xpath://button[@id='preview']'.</msg>
<status status="PASS" starttime="20210604 16:35:51.876" endtime="20210604 16:35:53.944"/>
</kw>
<kw name="Wait Until Keyword Succeeds" library="BuiltIn">
<arg>3 min</arg>
<arg>3 sec</arg>
<arg>Click_On_Order_Button</arg>
<doc>Runs the specified keyword and retries if it fails.</doc>
<kw name="Click_On_Order_Button">
<kw name="Click Element If Visible" library="RPA.Browser">
<arg>xpath://button[@id='order']</arg>
<doc>Click element if it is visible</doc>
<msg timestamp="20210604 16:35:54.539" level="INFO">Element 'xpath://button[@id='order']' is displayed.</msg>
<msg timestamp="20210604 16:35:54.540" level="INFO">Clicking element 'xpath://button[@id='order']'.</msg>
<status status="PASS" starttime="20210604 16:35:53.969" endtime="20210604 16:35:55.166"/>
</kw>
<status status="PASS" starttime="20210604 16:35:53.960" endtime="20210604 16:35:55.167"/>
</kw>
<status status="PASS" starttime="20210604 16:35:53.952" endtime="20210604 16:35:55.168"/>
</kw>
<kw name="Click Element If Visible" library="RPA.Browser">
<arg>xpath://button[@id='order']</arg>
<doc>Click element if it is visible</doc>
<msg timestamp="20210604 16:35:55.435" level="INFO" html="true">Ran with keyword &lt;b&gt;Element Should Be Visible&lt;/b&gt; which returned error: &lt;i&gt;Element with locator 'xpath://button[@id='order']' not found.&lt;/i&gt;</msg>
<status status="PASS" starttime="20210604 16:35:55.170" endtime="20210604 16:35:55.436"/>
</kw>
<kw name="Click Element If Visible" library="RPA.Browser">
<arg>xpath://button[@id='order']</arg>
<doc>Click element if it is visible</doc>
<msg timestamp="20210604 16:35:55.717" level="INFO" html="true">Ran with keyword &lt;b&gt;Element Should Be Visible&lt;/b&gt; which returned error: &lt;i&gt;Element with locator 'xpath://button[@id='order']' not found.&lt;/i&gt;</msg>
<status status="PASS" starttime="20210604 16:35:55.439" endtime="20210604 16:35:55.721"/>
</kw>
<kw name="Click Element If Visible" library="RPA.Browser">
<arg>xpath://button[@id='order']</arg>
<doc>Click element if it is visible</doc>
<msg timestamp="20210604 16:35:56.014" level="INFO" html="true">Ran with keyword &lt;b&gt;Element Should Be Visible&lt;/b&gt; which returned error: &lt;i&gt;Element with locator 'xpath://button[@id='order']' not found.&lt;/i&gt;</msg>
<status status="PASS" starttime="20210604 16:35:55.729" endtime="20210604 16:35:56.018"/>
</kw>
<kw name="Wait Until Keyword Succeeds" library="BuiltIn">
<arg>1 min</arg>
<arg>3 sec</arg>
<arg>Wait Until Page Contains</arg>
<arg>Receipt</arg>
<arg>0.5s</arg>
<doc>Runs the specified keyword and retries if it fails.</doc>
<kw name="Wait Until Page Contains" library="RPA.Browser">
<arg>Receipt</arg>
<arg>0.5s</arg>
<doc>Waits until ``text`` appears on the current page.</doc>
<status status="PASS" starttime="20210604 16:35:56.037" endtime="20210604 16:35:56.327"/>
</kw>
<status status="PASS" starttime="20210604 16:35:56.027" endtime="20210604 16:35:56.333"/>
</kw>
<kw name="Create Directory" library="RPA.FileSystem">
<arg>${OUTPUT_DIR}\\Screenshots</arg>
<doc>Creates a directory and (optionally) non-existing parent directories.</doc>
<msg timestamp="20210604 16:35:56.340" level="WARN">Keyword 'Create Directory' found both from a custom test library 'RPA.FileSystem' and a standard library 'OperatingSystem'. The custom keyword is used. To select explicitly, and to get rid of this warning, use either 'RPA.FileSystem.Create Directory' or 'OperatingSystem.Create Directory'.</msg>
<status status="PASS" starttime="20210604 16:35:56.341" endtime="20210604 16:35:56.352"/>
</kw>
<kw name="Capture Element Screenshot" library="RPA.Browser">
<arg>xpath://div[@id='receipt']</arg>
<arg>${OUTPUT_DIR}\\Screenshots\\Receipt-${D2}[Order number].png</arg>
<doc>Captures a screenshot from the element identified by ``locator`` and embeds it into log file.</doc>
<msg timestamp="20210604 16:35:57.075" level="INFO" html="true">&lt;/td&gt;&lt;/tr&gt;&lt;tr&gt;&lt;td colspan="3"&gt;&lt;a href="Screenshots/Receipt-2.png"&gt;&lt;img src="Screenshots/Receipt-2.png" width="400px"&gt;&lt;/a&gt;</msg>
<status status="PASS" starttime="20210604 16:35:56.355" endtime="20210604 16:35:57.077"/>
</kw>
<kw name="Append To List" library="Collections">
<arg>${files}</arg>
<arg>${OUTPUT_DIR}\\Screenshots\\Receipt-${D2}[Order number].png</arg>
<doc>Adds ``values`` to the end of ``list``.</doc>
<status status="PASS" starttime="20210604 16:35:57.086" endtime="20210604 16:35:57.096"/>
</kw>
<kw name="Capture Element Screenshot" library="RPA.Browser">
<arg>xpath://div[@id='robot-preview-image']</arg>
<arg>${OUTPUT_DIR}\\Screenshots\\RobotImage-${D2}[Order number].png</arg>
<doc>Captures a screenshot from the element identified by ``locator`` and embeds it into log file.</doc>
<msg timestamp="20210604 16:35:57.772" level="INFO" html="true">&lt;/td&gt;&lt;/tr&gt;&lt;tr&gt;&lt;td colspan="3"&gt;&lt;a href="Screenshots/RobotImage-2.png"&gt;&lt;img src="Screenshots/RobotImage-2.png" width="400px"&gt;&lt;/a&gt;</msg>
<status status="PASS" starttime="20210604 16:35:57.101" endtime="20210604 16:35:57.772"/>
</kw>
<kw name="Append To List" library="Collections">
<arg>${files}</arg>
<arg>${OUTPUT_DIR}\\Screenshots\\RobotImage-${D2}[Order number].png</arg>
<doc>Adds ``values`` to the end of ``list``.</doc>
<status status="PASS" starttime="20210604 16:35:57.774" endtime="20210604 16:35:57.776"/>
</kw>
<kw name="Log List" library="Collections">
<arg>${files}</arg>
<doc>Logs the length and contents of the ``list`` using given ``level``.</doc>
<msg timestamp="20210604 16:35:57.778" level="INFO">List length is 2 and it contains following items:
0: c:\Users\Shriraj.Joshi\.vscode\Screenshots\Receipt-2.png
1: c:\Users\Shriraj.Joshi\.vscode\Screenshots\RobotImage-2.png</msg>
<status status="PASS" starttime="20210604 16:35:57.777" endtime="20210604 16:35:57.778"/>
</kw>
<kw name="Create Directory" library="RPA.FileSystem">
<arg>${OUTPUT_DIR}\\pdf</arg>
<doc>Creates a directory and (optionally) non-existing parent directories.</doc>
<msg timestamp="20210604 16:35:57.780" level="WARN">Keyword 'Create Directory' found both from a custom test library 'RPA.FileSystem' and a standard library 'OperatingSystem'. The custom keyword is used. To select explicitly, and to get rid of this warning, use either 'RPA.FileSystem.Create Directory' or 'OperatingSystem.Create Directory'.</msg>
<status status="PASS" starttime="20210604 16:35:57.780" endtime="20210604 16:35:57.782"/>
</kw>
<kw name="Add Files To Pdf" library="RPA.PDF">
<arg>${files}</arg>
<arg>${OUTPUT_DIR}\\pdf\\${D2}[Order number].pdf</arg>
<doc>Add images and/or pdfs to new PDF document</doc>
<msg timestamp="20210604 16:35:57.792" level="INFO">File c:\Users\Shriraj.Joshi\.vscode\Screenshots\Receipt-2.png type: png</msg>
<msg timestamp="20210604 16:35:57.792" level="INFO">Image parameters: {}</msg>
<msg timestamp="20210604 16:35:57.826" level="INFO">File c:\Users\Shriraj.Joshi\.vscode\Screenshots\RobotImage-2.png type: png</msg>
<msg timestamp="20210604 16:35:57.827" level="INFO">Image parameters: {}</msg>
<status status="PASS" starttime="20210604 16:35:57.784" endtime="20210604 16:35:57.861"/>
</kw>
<kw name="Remove From List" library="Collections">
<arg>${files}</arg>
<arg>0</arg>
<doc>Removes and returns the value specified with an ``index`` from ``list``.</doc>
<status status="PASS" starttime="20210604 16:35:57.862" endtime="20210604 16:35:57.864"/>
</kw>
<kw name="Remove From List" library="Collections">
<arg>${files}</arg>
<arg>0</arg>
<doc>Removes and returns the value specified with an ``index`` from ``list``.</doc>
<status status="PASS" starttime="20210604 16:35:57.865" endtime="20210604 16:35:57.867"/>
</kw>
<kw name="Click Button When Visible" library="RPA.Browser">
<arg>xpath://button[@id='order-another']</arg>
<doc>Click button identified by ``locator``, once it becomes visible.</doc>
<msg timestamp="20210604 16:35:58.399" level="INFO">Clicking button 'xpath://button[@id='order-another']'.</msg>
<status status="PASS" starttime="20210604 16:35:57.868" endtime="20210604 16:36:00.244"/>
</kw>
<kw name="Wait And Click Button" library="RPA.Browser">
<arg>xpath://button[contains(text(),'OK')]</arg>
<doc>Click button identified by ``locator``, once it becomes visible.</doc>
<msg timestamp="20210604 16:36:00.824" level="INFO">Clicking button 'xpath://button[contains(text(),'OK')]'.</msg>
<status status="PASS" starttime="20210604 16:36:00.253" endtime="20210604 16:36:02.324"/>
</kw>
<status status="PASS" starttime="20210604 16:35:44.393" endtime="20210604 16:36:02.329"/>
</iter>
<iter>
<var name="${D2}">{'Order number': '3', 'Head': '6', 'Body': '2', 'Legs': '3', 'Address': 'Address 789'}</var>
<kw name="Log" library="BuiltIn">
<arg>${D2}[Order number]</arg>
<doc>Logs the given message with the given level.</doc>
<msg timestamp="20210604 16:36:02.350" level="INFO">3</msg>
<status status="PASS" starttime="20210604 16:36:02.344" endtime="20210604 16:36:02.351"/>
</kw>
<kw name="Log" library="BuiltIn">
<arg>${D2}[Head]</arg>
<doc>Logs the given message with the given level.</doc>
<msg timestamp="20210604 16:36:02.357" level="INFO">6</msg>
<status status="PASS" starttime="20210604 16:36:02.354" endtime="20210604 16:36:02.357"/>
</kw>
<kw name="Sleep" library="BuiltIn">
<arg>1s</arg>
<doc>Pauses the test executed for the given time.</doc>
<msg timestamp="20210604 16:36:03.376" level="INFO">Slept 1 second</msg>
<status status="PASS" starttime="20210604 16:36:02.361" endtime="20210604 16:36:03.376"/>
</kw>
<kw name="Set Selenium Speed" library="RPA.Browser">
<arg>0.25 seconds</arg>
<doc>Sets the delay that is waited after each Selenium command.</doc>
<status status="PASS" starttime="20210604 16:36:03.379" endtime="20210604 16:36:03.381"/>
</kw>
<kw name="Select From List By Value" library="RPA.Browser">
<arg>xpath://select[@id='head']</arg>
<arg>${D2}[Head]</arg>
<doc>Selects options from selection list ``locator`` by ``values``.</doc>
<msg timestamp="20210604 16:36:03.385" level="INFO">Selecting options from selection list 'xpath://select[@id='head']' by value 6.</msg>
<status status="PASS" starttime="20210604 16:36:03.383" endtime="20210604 16:36:05.416"/>
</kw>
<kw name="Log" library="BuiltIn">
<arg>${D2}[Body]</arg>
<doc>Logs the given message with the given level.</doc>
<msg timestamp="20210604 16:36:05.426" level="INFO">2</msg>
<status status="PASS" starttime="20210604 16:36:05.421" endtime="20210604 16:36:05.427"/>
</kw>
<kw name="Click Element When Visible" library="RPA.Browser">
<arg>xpath://input[@id='id-body-${D2}[Body]']</arg>
<doc>Click element identified by ``locator``, once it becomes visible.</doc>
<msg timestamp="20210604 16:36:06.011" level="INFO">Clicking element 'xpath://input[@id='id-body-2']'.</msg>
<status status="PASS" starttime="20210604 16:36:05.432" endtime="20210604 16:36:06.641"/>
</kw>
<kw name="Log" library="BuiltIn">
<arg>${D2}[Legs]</arg>
<doc>Logs the given message with the given level.</doc>
<msg timestamp="20210604 16:36:06.660" level="INFO">3</msg>
<status status="PASS" starttime="20210604 16:36:06.651" endtime="20210604 16:36:06.661"/>
</kw>
<kw name="Input Text When Element Is Visible" library="RPA.Browser">
<arg>xpath://input[@placeholder='Enter the part number for the legs']</arg>
<arg>${D2}[Legs]</arg>
<doc>Input text into locator after it has become visible.</doc>
<msg timestamp="20210604 16:36:07.237" level="INFO">Typing text '3' into text field 'xpath://input[@placeholder='Enter the part number for the legs']'.</msg>
<status status="PASS" starttime="20210604 16:36:06.668" endtime="20210604 16:36:08.255"/>
</kw>
<kw name="Log" library="BuiltIn">
<arg>${D2}[Address]</arg>
<doc>Logs the given message with the given level.</doc>
<msg timestamp="20210604 16:36:08.273" level="INFO">Address 789</msg>
<status status="PASS" starttime="20210604 16:36:08.265" endtime="20210604 16:36:08.275"/>
</kw>
<kw name="Input Text When Element Is Visible" library="RPA.Browser">
<arg>xpath://input[@id='address']</arg>
<arg>${D2}[Address]</arg>
<doc>Input text into locator after it has become visible.</doc>
<msg timestamp="20210604 16:36:08.838" level="INFO">Typing text 'Address 789' into text field 'xpath://input[@id='address']'.</msg>
<status status="PASS" starttime="20210604 16:36:08.281" endtime="20210604 16:36:09.888"/>
</kw>
<kw name="Click Button When Visible" library="RPA.Browser">
<arg>xpath://button[@id='preview']</arg>
<doc>Click button identified by ``locator``, once it becomes visible.</doc>
<msg timestamp="20210604 16:36:10.484" level="INFO">Clicking button 'xpath://button[@id='preview']'.</msg>
<status status="PASS" starttime="20210604 16:36:09.897" endtime="20210604 16:36:11.896"/>
</kw>
<kw name="Wait Until Keyword Succeeds" library="BuiltIn">
<arg>3 min</arg>
<arg>3 sec</arg>
<arg>Click_On_Order_Button</arg>
<doc>Runs the specified keyword and retries if it fails.</doc>
<kw name="Click_On_Order_Button">
<kw name="Click Element If Visible" library="RPA.Browser">
<arg>xpath://button[@id='order']</arg>
<doc>Click element if it is visible</doc>
<msg timestamp="20210604 16:36:12.489" level="INFO">Element 'xpath://button[@id='order']' is displayed.</msg>
<msg timestamp="20210604 16:36:12.490" level="INFO">Clicking element 'xpath://button[@id='order']'.</msg>
<status status="PASS" starttime="20210604 16:36:11.920" endtime="20210604 16:36:13.147"/>
</kw>
<status status="PASS" starttime="20210604 16:36:11.911" endtime="20210604 16:36:13.155"/>
</kw>
<status status="PASS" starttime="20210604 16:36:11.904" endtime="20210604 16:36:13.161"/>
</kw>
<kw name="Click Element If Visible" library="RPA.Browser">
<arg>xpath://button[@id='order']</arg>
<doc>Click element if it is visible</doc>
<msg timestamp="20210604 16:36:13.445" level="INFO" html="true">Ran with keyword &lt;b&gt;Element Should Be Visible&lt;/b&gt; which returned error: &lt;i&gt;Element with locator 'xpath://button[@id='order']' not found.&lt;/i&gt;</msg>
<status status="PASS" starttime="20210604 16:36:13.169" endtime="20210604 16:36:13.447"/>
</kw>
<kw name="Click Element If Visible" library="RPA.Browser">
<arg>xpath://button[@id='order']</arg>
<doc>Click element if it is visible</doc>
<msg timestamp="20210604 16:36:13.745" level="INFO" html="true">Ran with keyword &lt;b&gt;Element Should Be Visible&lt;/b&gt; which returned error: &lt;i&gt;Element with locator 'xpath://button[@id='order']' not found.&lt;/i&gt;</msg>
<status status="PASS" starttime="20210604 16:36:13.454" endtime="20210604 16:36:13.745"/>
</kw>
<kw name="Click Element If Visible" library="RPA.Browser">
<arg>xpath://button[@id='order']</arg>
<doc>Click element if it is visible</doc>
<msg timestamp="20210604 16:36:14.014" level="INFO" html="true">Ran with keyword &lt;b&gt;Element Should Be Visible&lt;/b&gt; which returned error: &lt;i&gt;Element with locator 'xpath://button[@id='order']' not found.&lt;/i&gt;</msg>
<status status="PASS" starttime="20210604 16:36:13.747" endtime="20210604 16:36:14.014"/>
</kw>
<kw name="Wait Until Keyword Succeeds" library="BuiltIn">
<arg>1 min</arg>
<arg>3 sec</arg>
<arg>Wait Until Page Contains</arg>
<arg>Receipt</arg>
<arg>0.5s</arg>
<doc>Runs the specified keyword and retries if it fails.</doc>
<kw name="Wait Until Page Contains" library="RPA.Browser">
<arg>Receipt</arg>
<arg>0.5s</arg>
<doc>Waits until ``text`` appears on the current page.</doc>
<status status="PASS" starttime="20210604 16:36:14.016" endtime="20210604 16:36:14.280"/>
</kw>
<status status="PASS" starttime="20210604 16:36:14.015" endtime="20210604 16:36:14.281"/>
</kw>
<kw name="Create Directory" library="RPA.FileSystem">
<arg>${OUTPUT_DIR}\\Screenshots</arg>
<doc>Creates a directory and (optionally) non-existing parent directories.</doc>
<msg timestamp="20210604 16:36:14.282" level="WARN">Keyword 'Create Directory' found both from a custom test library 'RPA.FileSystem' and a standard library 'OperatingSystem'. The custom keyword is used. To select explicitly, and to get rid of this warning, use either 'RPA.FileSystem.Create Directory' or 'OperatingSystem.Create Directory'.</msg>
<status status="PASS" starttime="20210604 16:36:14.282" endtime="20210604 16:36:14.285"/>
</kw>
<kw name="Capture Element Screenshot" library="RPA.Browser">
<arg>xpath://div[@id='receipt']</arg>
<arg>${OUTPUT_DIR}\\Screenshots\\Receipt-${D2}[Order number].png</arg>
<doc>Captures a screenshot from the element identified by ``locator`` and embeds it into log file.</doc>
<msg timestamp="20210604 16:36:14.998" level="INFO" html="true">&lt;/td&gt;&lt;/tr&gt;&lt;tr&gt;&lt;td colspan="3"&gt;&lt;a href="Screenshots/Receipt-3.png"&gt;&lt;img src="Screenshots/Receipt-3.png" width="400px"&gt;&lt;/a&gt;</msg>
<status status="PASS" starttime="20210604 16:36:14.286" endtime="20210604 16:36:14.999"/>
</kw>
<kw name="Append To List" library="Collections">
<arg>${files}</arg>
<arg>${OUTPUT_DIR}\\Screenshots\\Receipt-${D2}[Order number].png</arg>
<doc>Adds ``values`` to the end of ``list``.</doc>
<status status="PASS" starttime="20210604 16:36:15.006" endtime="20210604 16:36:15.013"/>
</kw>
<kw name="Capture Element Screenshot" library="RPA.Browser">
<arg>xpath://div[@id='robot-preview-image']</arg>
<arg>${OUTPUT_DIR}\\Screenshots\\RobotImage-${D2}[Order number].png</arg>
<doc>Captures a screenshot from the element identified by ``locator`` and embeds it into log file.</doc>
<msg timestamp="20210604 16:36:15.717" level="INFO" html="true">&lt;/td&gt;&lt;/tr&gt;&lt;tr&gt;&lt;td colspan="3"&gt;&lt;a href="Screenshots/RobotImage-3.png"&gt;&lt;img src="Screenshots/RobotImage-3.png" width="400px"&gt;&lt;/a&gt;</msg>
<status status="PASS" starttime="20210604 16:36:15.016" endtime="20210604 16:36:15.720"/>
</kw>
<kw name="Append To List" library="Collections">
<arg>${files}</arg>
<arg>${OUTPUT_DIR}\\Screenshots\\RobotImage-${D2}[Order number].png</arg>
<doc>Adds ``values`` to the end of ``list``.</doc>
<status status="PASS" starttime="20210604 16:36:15.727" endtime="20210604 16:36:15.734"/>
</kw>
<kw name="Log List" library="Collections">
<arg>${files}</arg>
<doc>Logs the length and contents of the ``list`` using given ``level``.</doc>
<msg timestamp="20210604 16:36:15.741" level="INFO">List length is 2 and it contains following items:
0: c:\Users\Shriraj.Joshi\.vscode\Screenshots\Receipt-3.png
1: c:\Users\Shriraj.Joshi\.vscode\Screenshots\RobotImage-3.png</msg>
<status status="PASS" starttime="20210604 16:36:15.737" endtime="20210604 16:36:15.742"/>
</kw>
<kw name="Create Directory" library="RPA.FileSystem">
<arg>${OUTPUT_DIR}\\pdf</arg>
<doc>Creates a directory and (optionally) non-existing parent directories.</doc>
<msg timestamp="20210604 16:36:15.746" level="WARN">Keyword 'Create Directory' found both from a custom test library 'RPA.FileSystem' and a standard library 'OperatingSystem'. The custom keyword is used. To select explicitly, and to get rid of this warning, use either 'RPA.FileSystem.Create Directory' or 'OperatingSystem.Create Directory'.</msg>
<status status="PASS" starttime="20210604 16:36:15.746" endtime="20210604 16:36:15.752"/>
</kw>
<kw name="Add Files To Pdf" library="RPA.PDF">
<arg>${files}</arg>
<arg>${OUTPUT_DIR}\\pdf\\${D2}[Order number].pdf</arg>
<doc>Add images and/or pdfs to new PDF document</doc>
<msg timestamp="20210604 16:36:15.770" level="INFO">File c:\Users\Shriraj.Joshi\.vscode\Screenshots\Receipt-3.png type: png</msg>
<msg timestamp="20210604 16:36:15.770" level="INFO">Image parameters: {}</msg>
<msg timestamp="20210604 16:36:15.808" level="INFO">File c:\Users\Shriraj.Joshi\.vscode\Screenshots\RobotImage-3.png type: png</msg>
<msg timestamp="20210604 16:36:15.808" level="INFO">Image parameters: {}</msg>
<status status="PASS" starttime="20210604 16:36:15.756" endtime="20210604 16:36:15.849"/>
</kw>
<kw name="Remove From List" library="Collections">
<arg>${files}</arg>
<arg>0</arg>
<doc>Removes and returns the value specified with an ``index`` from ``list``.</doc>
<status status="PASS" starttime="20210604 16:36:15.851" endtime="20210604 16:36:15.852"/>
</kw>
<kw name="Remove From List" library="Collections">
<arg>${files}</arg>
<arg>0</arg>
<doc>Removes and returns the value specified with an ``index`` from ``list``.</doc>
<status status="PASS" starttime="20210604 16:36:15.853" endtime="20210604 16:36:15.855"/>
</kw>
<kw name="Click Button When Visible" library="RPA.Browser">
<arg>xpath://button[@id='order-another']</arg>
<doc>Click button identified by ``locator``, once it becomes visible.</doc>
<msg timestamp="20210604 16:36:16.426" level="INFO">Clicking button 'xpath://button[@id='order-another']'.</msg>
<status status="PASS" starttime="20210604 16:36:15.856" endtime="20210604 16:36:18.284"/>
</kw>
<kw name="Wait And Click Button" library="RPA.Browser">
<arg>xpath://button[contains(text(),'OK')]</arg>
<doc>Click button identified by ``locator``, once it becomes visible.</doc>
<msg timestamp="20210604 16:36:18.880" level="INFO">Clicking button 'xpath://button[contains(text(),'OK')]'.</msg>
<status status="PASS" starttime="20210604 16:36:18.293" endtime="20210604 16:36:20.342"/>
</kw>
<status status="PASS" starttime="20210604 16:36:02.336" endtime="20210604 16:36:20.348"/>
</iter>
<iter>
<var name="${D2}">{'Order number': '4', 'Head': '2', 'Body': '3', 'Legs': '2', 'Address': 'Address 1'}</var>
<kw name="Log" library="BuiltIn">
<arg>${D2}[Order number]</arg>
<doc>Logs the given message with the given level.</doc>
<msg timestamp="20210604 16:36:20.370" level="INFO">4</msg>
<status status="PASS" starttime="20210604 16:36:20.363" endtime="20210604 16:36:20.371"/>
</kw>
<kw name="Log" library="BuiltIn">
<arg>${D2}[Head]</arg>
<doc>Logs the given message with the given level.</doc>
<msg timestamp="20210604 16:36:20.382" level="INFO">2</msg>
<status status="PASS" starttime="20210604 16:36:20.377" endtime="20210604 16:36:20.383"/>
</kw>
<kw name="Sleep" library="BuiltIn">
<arg>1s</arg>
<doc>Pauses the test executed for the given time.</doc>
<msg timestamp="20210604 16:36:21.390" level="INFO">Slept 1 second</msg>
<status status="PASS" starttime="20210604 16:36:20.385" endtime="20210604 16:36:21.391"/>
</kw>
<kw name="Set Selenium Speed" library="RPA.Browser">
<arg>0.25 seconds</arg>
<doc>Sets the delay that is waited after each Selenium command.</doc>
<status status="PASS" starttime="20210604 16:36:21.395" endtime="20210604 16:36:21.399"/>
</kw>
<kw name="Select From List By Value" library="RPA.Browser">
<arg>xpath://select[@id='head']</arg>
<arg>${D2}[Head]</arg>
<doc>Selects options from selection list ``locator`` by ``values``.</doc>
<msg timestamp="20210604 16:36:21.407" level="INFO">Selecting options from selection list 'xpath://select[@id='head']' by value 2.</msg>
<status status="PASS" starttime="20210604 16:36:21.402" endtime="20210604 16:36:23.413"/>
</kw>
<kw name="Log" library="BuiltIn">
<arg>${D2}[Body]</arg>
<doc>Logs the given message with the given level.</doc>
<msg timestamp="20210604 16:36:23.430" level="INFO">3</msg>
<status status="PASS" starttime="20210604 16:36:23.422" endtime="20210604 16:36:23.432"/>
</kw>
<kw name="Click Element When Visible" library="RPA.Browser">
<arg>xpath://input[@id='id-body-${D2}[Body]']</arg>
<doc>Click element identified by ``locator``, once it becomes visible.</doc>
<msg timestamp="20210604 16:36:23.979" level="INFO">Clicking element 'xpath://input[@id='id-body-3']'.</msg>
<status status="PASS" starttime="20210604 16:36:23.438" endtime="20210604 16:36:24.639"/>
</kw>
<kw name="Log" library="BuiltIn">
<arg>${D2}[Legs]</arg>
<doc>Logs the given message with the given level.</doc>
<msg timestamp="20210604 16:36:24.648" level="INFO">2</msg>
<status status="PASS" starttime="20210604 16:36:24.642" endtime="20210604 16:36:24.650"/>
</kw>
<kw name="Input Text When Element Is Visible" library="RPA.Browser">
<arg>xpath://input[@placeholder='Enter the part number for the legs']</arg>
<arg>${D2}[Legs]</arg>
<doc>Input text into locator after it has become visible.</doc>
<msg timestamp="20210604 16:36:25.207" level="INFO">Typing text '2' into text field 'xpath://input[@placeholder='Enter the part number for the legs']'.</msg>
<status status="PASS" starttime="20210604 16:36:24.655" endtime="20210604 16:36:26.181"/>
</kw>
<kw name="Log" library="BuiltIn">
<arg>${D2}[Address]</arg>
<doc>Logs the given message with the given level.</doc>
<msg timestamp="20210604 16:36:26.198" level="INFO">Address 1</msg>
<status status="PASS" starttime="20210604 16:36:26.191" endtime="20210604 16:36:26.200"/>
</kw>
<kw name="Input Text When Element Is Visible" library="RPA.Browser">
<arg>xpath://input[@id='address']</arg>
<arg>${D2}[Address]</arg>
<doc>Input text into locator after it has become visible.</doc>
<msg timestamp="20210604 16:36:26.772" level="INFO">Typing text 'Address 1' into text field 'xpath://input[@id='address']'.</msg>
<status status="PASS" starttime="20210604 16:36:26.204" endtime="20210604 16:36:27.743"/>
</kw>
<kw name="Click Button When Visible" library="RPA.Browser">
<arg>xpath://button[@id='preview']</arg>
<doc>Click button identified by ``locator``, once it becomes visible.</doc>
<msg timestamp="20210604 16:36:28.304" level="INFO">Clicking button 'xpath://button[@id='preview']'.</msg>
<status status="PASS" starttime="20210604 16:36:27.744" endtime="20210604 16:36:29.724"/>
</kw>
<kw name="Wait Until Keyword Succeeds" library="BuiltIn">
<arg>3 min</arg>
<arg>3 sec</arg>
<arg>Click_On_Order_Button</arg>
<doc>Runs the specified keyword and retries if it fails.</doc>
<kw name="Click_On_Order_Button">
<kw name="Click Element If Visible" library="RPA.Browser">
<arg>xpath://button[@id='order']</arg>
<doc>Click element if it is visible</doc>
<msg timestamp="20210604 16:36:30.347" level="INFO">Element 'xpath://button[@id='order']' is displayed.</msg>
<msg timestamp="20210604 16:36:30.347" level="INFO">Clicking element 'xpath://button[@id='order']'.</msg>
<status status="PASS" starttime="20210604 16:36:29.752" endtime="20210604 16:36:30.937"/>
</kw>
<status status="PASS" starttime="20210604 16:36:29.742" endtime="20210604 16:36:30.938"/>
</kw>
<status status="PASS" starttime="20210604 16:36:29.733" endtime="20210604 16:36:30.939"/>
</kw>
<kw name="Click Element If Visible" library="RPA.Browser">
<arg>xpath://button[@id='order']</arg>
<doc>Click element if it is visible</doc>
<msg timestamp="20210604 16:36:31.205" level="INFO" html="true">Ran with keyword &lt;b&gt;Element Should Be Visible&lt;/b&gt; which returned error: &lt;i&gt;Element with locator 'xpath://button[@id='order']' not found.&lt;/i&gt;</msg>
<status status="PASS" starttime="20210604 16:36:30.941" endtime="20210604 16:36:31.208"/>
</kw>
<kw name="Click Element If Visible" library="RPA.Browser">
<arg>xpath://button[@id='order']</arg>
<doc>Click element if it is visible</doc>
<msg timestamp="20210604 16:36:31.503" level="INFO" html="true">Ran with keyword &lt;b&gt;Element Should Be Visible&lt;/b&gt; which returned error: &lt;i&gt;Element with locator 'xpath://button[@id='order']' not found.&lt;/i&gt;</msg>
<status status="PASS" starttime="20210604 16:36:31.218" endtime="20210604 16:36:31.505"/>
</kw>
<kw name="Click Element If Visible" library="RPA.Browser">
<arg>xpath://button[@id='order']</arg>
<doc>Click element if it is visible</doc>
<msg timestamp="20210604 16:36:31.801" level="INFO" html="true">Ran with keyword &lt;b&gt;Element Should Be Visible&lt;/b&gt; which returned error: &lt;i&gt;Element with locator 'xpath://button[@id='order']' not found.&lt;/i&gt;</msg>
<status status="PASS" starttime="20210604 16:36:31.511" endtime="20210604 16:36:31.804"/>
</kw>
<kw name="Wait Until Keyword Succeeds" library="BuiltIn">
<arg>1 min</arg>
<arg>3 sec</arg>
<arg>Wait Until Page Contains</arg>
<arg>Receipt</arg>
<arg>0.5s</arg>
<doc>Runs the specified keyword and retries if it fails.</doc>
<kw name="Wait Until Page Contains" library="RPA.Browser">
<arg>Receipt</arg>
<arg>0.5s</arg>
<doc>Waits until ``text`` appears on the current page.</doc>
<status status="PASS" starttime="20210604 16:36:31.821" endtime="20210604 16:36:32.113"/>
</kw>
<status status="PASS" starttime="20210604 16:36:31.811" endtime="20210604 16:36:32.119"/>
</kw>
<kw name="Create Directory" library="RPA.FileSystem">
<arg>${OUTPUT_DIR}\\Screenshots</arg>
<doc>Creates a directory and (optionally) non-existing parent directories.</doc>
<msg timestamp="20210604 16:36:32.126" level="WARN">Keyword 'Create Directory' found both from a custom test library 'RPA.FileSystem' and a standard library 'OperatingSystem'. The custom keyword is used. To select explicitly, and to get rid of this warning, use either 'RPA.FileSystem.Create Directory' or 'OperatingSystem.Create Directory'.</msg>
<status status="PASS" starttime="20210604 16:36:32.127" endtime="20210604 16:36:32.138"/>
</kw>
<kw name="Capture Element Screenshot" library="RPA.Browser">
<arg>xpath://div[@id='receipt']</arg>
<arg>${OUTPUT_DIR}\\Screenshots\\Receipt-${D2}[Order number].png</arg>
<doc>Captures a screenshot from the element identified by ``locator`` and embeds it into log file.</doc>
<msg timestamp="20210604 16:36:32.782" level="INFO" html="true">&lt;/td&gt;&lt;/tr&gt;&lt;tr&gt;&lt;td colspan="3"&gt;&lt;a href="Screenshots/Receipt-4.png"&gt;&lt;img src="Screenshots/Receipt-4.png" width="400px"&gt;&lt;/a&gt;</msg>
<status status="PASS" starttime="20210604 16:36:32.142" endtime="20210604 16:36:32.783"/>
</kw>
<kw name="Append To List" library="Collections">
<arg>${files}</arg>
<arg>${OUTPUT_DIR}\\Screenshots\\Receipt-${D2}[Order number].png</arg>
<doc>Adds ``values`` to the end of ``list``.</doc>
<status status="PASS" starttime="20210604 16:36:32.784" endtime="20210604 16:36:32.786"/>
</kw>
<kw name="Capture Element Screenshot" library="RPA.Browser">
<arg>xpath://div[@id='robot-preview-image']</arg>
<arg>${OUTPUT_DIR}\\Screenshots\\RobotImage-${D2}[Order number].png</arg>
<doc>Captures a screenshot from the element identified by ``locator`` and embeds it into log file.</doc>
<msg timestamp="20210604 16:36:33.446" level="INFO" html="true">&lt;/td&gt;&lt;/tr&gt;&lt;tr&gt;&lt;td colspan="3"&gt;&lt;a href="Screenshots/RobotImage-4.png"&gt;&lt;img src="Screenshots/RobotImage-4.png" width="400px"&gt;&lt;/a&gt;</msg>
<status status="PASS" starttime="20210604 16:36:32.788" endtime="20210604 16:36:33.447"/>
</kw>
<kw name="Append To List" library="Collections">
<arg>${files}</arg>
<arg>${OUTPUT_DIR}\\Screenshots\\RobotImage-${D2}[Order number].png</arg>
<doc>Adds ``values`` to the end of ``list``.</doc>
<status status="PASS" starttime="20210604 16:36:33.454" endtime="20210604 16:36:33.462"/>
</kw>
<kw name="Log List" library="Collections">
<arg>${files}</arg>
<doc>Logs the length and contents of the ``list`` using given ``level``.</doc>
<msg timestamp="20210604 16:36:33.467" level="INFO">List length is 2 and it contains following items:
0: c:\Users\Shriraj.Joshi\.vscode\Screenshots\Receipt-4.png
1: c:\Users\Shriraj.Joshi\.vscode\Screenshots\RobotImage-4.png</msg>
<status status="PASS" starttime="20210604 16:36:33.465" endtime="20210604 16:36:33.467"/>
</kw>
<kw name="Create Directory" library="RPA.FileSystem">
<arg>${OUTPUT_DIR}\\pdf</arg>
<doc>Creates a directory and (optionally) non-existing parent directories.</doc>
<msg timestamp="20210604 16:36:33.470" level="WARN">Keyword 'Create Directory' found both from a custom test library 'RPA.FileSystem' and a standard library 'OperatingSystem'. The custom keyword is used. To select explicitly, and to get rid of this warning, use either 'RPA.FileSystem.Create Directory' or 'OperatingSystem.Create Directory'.</msg>
<status status="PASS" starttime="20210604 16:36:33.470" endtime="20210604 16:36:33.473"/>
</kw>
<kw name="Add Files To Pdf" library="RPA.PDF">
<arg>${files}</arg>
<arg>${OUTPUT_DIR}\\pdf\\${D2}[Order number].pdf</arg>
<doc>Add images and/or pdfs to new PDF document</doc>
<msg timestamp="20210604 16:36:33.485" level="INFO">File c:\Users\Shriraj.Joshi\.vscode\Screenshots\Receipt-4.png type: png</msg>
<msg timestamp="20210604 16:36:33.485" level="INFO">Image parameters: {}</msg>
<msg timestamp="20210604 16:36:33.521" level="INFO">File c:\Users\Shriraj.Joshi\.vscode\Screenshots\RobotImage-4.png type: png</msg>
<msg timestamp="20210604 16:36:33.521" level="INFO">Image parameters: {}</msg>
<status status="PASS" starttime="20210604 16:36:33.475" endtime="20210604 16:36:33.562"/>
</kw>
<kw name="Remove From List" library="Collections">
<arg>${files}</arg>
<arg>0</arg>
<doc>Removes and returns the value specified with an ``index`` from ``list``.</doc>
<status status="PASS" starttime="20210604 16:36:33.564" endtime="20210604 16:36:33.565"/>
</kw>
<kw name="Remove From List" library="Collections">
<arg>${files}</arg>
<arg>0</arg>
<doc>Removes and returns the value specified with an ``index`` from ``list``.</doc>
<status status="PASS" starttime="20210604 16:36:33.567" endtime="20210604 16:36:33.568"/>
</kw>
<kw name="Click Button When Visible" library="RPA.Browser">
<arg>xpath://button[@id='order-another']</arg>
<doc>Click button identified by ``locator``, once it becomes visible.</doc>
<msg timestamp="20210604 16:36:34.142" level="INFO">Clicking button 'xpath://button[@id='order-another']'.</msg>
<status status="PASS" starttime="20210604 16:36:33.569" endtime="20210604 16:36:35.921"/>
</kw>
<kw name="Wait And Click Button" library="RPA.Browser">
<arg>xpath://button[contains(text(),'OK')]</arg>
<doc>Click button identified by ``locator``, once it becomes visible.</doc>
<msg timestamp="20210604 16:36:36.485" level="INFO">Clicking button 'xpath://button[contains(text(),'OK')]'.</msg>
<status status="PASS" starttime="20210604 16:36:35.923" endtime="20210604 16:36:37.952"/>
</kw>
<status status="PASS" starttime="20210604 16:36:20.356" endtime="20210604 16:36:37.958"/>
</iter>
<iter>
<var name="${D2}">{'Order number': '5', 'Head': '3', 'Body': '5', 'Legs': '1', 'Address': 'Address 2'}</var>
<kw name="Log" library="BuiltIn">
<arg>${D2}[Order number]</arg>
<doc>Logs the given message with the given level.</doc>
<msg timestamp="20210604 16:36:37.979" level="INFO">5</msg>
<status status="PASS" starttime="20210604 16:36:37.972" endtime="20210604 16:36:37.980"/>
</kw>
<kw name="Log" library="BuiltIn">
<arg>${D2}[Head]</arg>
<doc>Logs the given message with the given level.</doc>
<msg timestamp="20210604 16:36:37.991" level="INFO">3</msg>
<status status="PASS" starttime="20210604 16:36:37.986" endtime="20210604 16:36:37.992"/>
</kw>
<kw name="Sleep" library="BuiltIn">
<arg>1s</arg>
<doc>Pauses the test executed for the given time.</doc>
<msg timestamp="20210604 16:36:39.009" level="INFO">Slept 1 second</msg>
<status status="PASS" starttime="20210604 16:36:37.995" endtime="20210604 16:36:39.012"/>
</kw>
<kw name="Set Selenium Speed" library="RPA.Browser">
<arg>0.25 seconds</arg>
<doc>Sets the delay that is waited after each Selenium command.</doc>
<status status="PASS" starttime="20210604 16:36:39.019" endtime="20210604 16:36:39.027"/>
</kw>
<kw name="Select From List By Value" library="RPA.Browser">
<arg>xpath://select[@id='head']</arg>
<arg>${D2}[Head]</arg>
<doc>Selects options from selection list ``locator`` by ``values``.</doc>
<msg timestamp="20210604 16:36:39.041" level="INFO">Selecting options from selection list 'xpath://select[@id='head']' by value 3.</msg>
<status status="PASS" starttime="20210604 16:36:39.033" endtime="20210604 16:36:41.072"/>
</kw>
<kw name="Log" library="BuiltIn">
<arg>${D2}[Body]</arg>
<doc>Logs the given message with the given level.</doc>
<msg timestamp="20210604 16:36:41.075" level="INFO">5</msg>
<status status="PASS" starttime="20210604 16:36:41.074" endtime="20210604 16:36:41.075"/>
</kw>
<kw name="Click Element When Visible" library="RPA.Browser">
<arg>xpath://input[@id='id-body-${D2}[Body]']</arg>
<doc>Click element identified by ``locator``, once it becomes visible.</doc>
<msg timestamp="20210604 16:36:41.605" level="INFO">Clicking element 'xpath://input[@id='id-body-5']'.</msg>
<status status="PASS" starttime="20210604 16:36:41.077" endtime="20210604 16:36:42.252"/>
</kw>
<kw name="Log" library="BuiltIn">
<arg>${D2}[Legs]</arg>
<doc>Logs the given message with the given level.</doc>
<msg timestamp="20210604 16:36:42.267" level="INFO">1</msg>
<status status="PASS" starttime="20210604 16:36:42.260" endtime="20210604 16:36:42.269"/>
</kw>
<kw name="Input Text When Element Is Visible" library="RPA.Browser">
<arg>xpath://input[@placeholder='Enter the part number for the legs']</arg>
<arg>${D2}[Legs]</arg>
<doc>Input text into locator after it has become visible.</doc>
<msg timestamp="20210604 16:36:42.847" level="INFO">Typing text '1' into text field 'xpath://input[@placeholder='Enter the part number for the legs']'.</msg>
<status status="PASS" starttime="20210604 16:36:42.275" endtime="20210604 16:36:43.791"/>
</kw>
<kw name="Log" library="BuiltIn">
<arg>${D2}[Address]</arg>
<doc>Logs the given message with the given level.</doc>
<msg timestamp="20210604 16:36:43.798" level="INFO">Address 2</msg>
<status status="PASS" starttime="20210604 16:36:43.794" endtime="20210604 16:36:43.798"/>
</kw>
<kw name="Input Text When Element Is Visible" library="RPA.Browser">
<arg>xpath://input[@id='address']</arg>
<arg>${D2}[Address]</arg>
<doc>Input text into locator after it has become visible.</doc>
<msg timestamp="20210604 16:36:44.371" level="INFO">Typing text 'Address 2' into text field 'xpath://input[@id='address']'.</msg>
<status status="PASS" starttime="20210604 16:36:43.801" endtime="20210604 16:36:45.387"/>
</kw>
<kw name="Click Button When Visible" library="RPA.Browser">
<arg>xpath://button[@id='preview']</arg>
<doc>Click button identified by ``locator``, once it becomes visible.</doc>
<msg timestamp="20210604 16:36:45.967" level="INFO">Clicking button 'xpath://button[@id='preview']'.</msg>
<status status="PASS" starttime="20210604 16:36:45.396" endtime="20210604 16:36:47.442"/>
</kw>
<kw name="Wait Until Keyword Succeeds" library="BuiltIn">
<arg>3 min</arg>
<arg>3 sec</arg>
<arg>Click_On_Order_Button</arg>
<doc>Runs the specified keyword and retries if it fails.</doc>
<kw name="Click_On_Order_Button">
<kw name="Click Element If Visible" library="RPA.Browser">
<arg>xpath://button[@id='order']</arg>
<doc>Click element if it is visible</doc>
<msg timestamp="20210604 16:36:48.018" level="INFO">Element 'xpath://button[@id='order']' is displayed.</msg>
<msg timestamp="20210604 16:36:48.020" level="INFO">Clicking element 'xpath://button[@id='order']'.</msg>
<status status="PASS" starttime="20210604 16:36:47.470" endtime="20210604 16:36:48.692"/>
</kw>
<status status="PASS" starttime="20210604 16:36:47.460" endtime="20210604 16:36:48.701"/>
</kw>
<status status="PASS" starttime="20210604 16:36:47.452" endtime="20210604 16:36:48.708"/>
</kw>
<kw name="Click Element If Visible" library="RPA.Browser">
<arg>xpath://button[@id='order']</arg>
<doc>Click element if it is visible</doc>
<msg timestamp="20210604 16:36:49.004" level="INFO" html="true">Ran with keyword &lt;b&gt;Element Should Be Visible&lt;/b&gt; which returned error: &lt;i&gt;Element with locator 'xpath://button[@id='order']' not found.&lt;/i&gt;</msg>
<status status="PASS" starttime="20210604 16:36:48.715" endtime="20210604 16:36:49.005"/>
</kw>
<kw name="Click Element If Visible" library="RPA.Browser">
<arg>xpath://button[@id='order']</arg>
<doc>Click element if it is visible</doc>
<msg timestamp="20210604 16:36:49.272" level="INFO" html="true">Ran with keyword &lt;b&gt;Element Should Be Visible&lt;/b&gt; which returned error: &lt;i&gt;Element with locator 'xpath://button[@id='order']' not found.&lt;/i&gt;</msg>
<status status="PASS" starttime="20210604 16:36:49.007" endtime="20210604 16:36:49.273"/>
</kw>
<kw name="Click Element If Visible" library="RPA.Browser">
<arg>xpath://button[@id='order']</arg>
<doc>Click element if it is visible</doc>
<msg timestamp="20210604 16:36:49.556" level="INFO" html="true">Ran with keyword &lt;b&gt;Element Should Be Visible&lt;/b&gt; which returned error: &lt;i&gt;Element with locator 'xpath://button[@id='order']' not found.&lt;/i&gt;</msg>
<status status="PASS" starttime="20210604 16:36:49.277" endtime="20210604 16:36:49.557"/>
</kw>
<kw name="Wait Until Keyword Succeeds" library="BuiltIn">
<arg>1 min</arg>
<arg>3 sec</arg>
<arg>Wait Until Page Contains</arg>
<arg>Receipt</arg>
<arg>0.5s</arg>
<doc>Runs the specified keyword and retries if it fails.</doc>
<kw name="Wait Until Page Contains" library="RPA.Browser">
<arg>Receipt</arg>
<arg>0.5s</arg>
<doc>Waits until ``text`` appears on the current page.</doc>
<status status="PASS" starttime="20210604 16:36:49.566" endtime="20210604 16:36:49.839"/>
</kw>
<status status="PASS" starttime="20210604 16:36:49.561" endtime="20210604 16:36:49.844"/>
</kw>
<kw name="Create Directory" library="RPA.FileSystem">
<arg>${OUTPUT_DIR}\\Screenshots</arg>
<doc>Creates a directory and (optionally) non-existing parent directories.</doc>
<msg timestamp="20210604 16:36:49.851" level="WARN">Keyword 'Create Directory' found both from a custom test library 'RPA.FileSystem' and a standard library 'OperatingSystem'. The custom keyword is used. To select explicitly, and to get rid of this warning, use either 'RPA.FileSystem.Create Directory' or 'OperatingSystem.Create Directory'.</msg>
<status status="PASS" starttime="20210604 16:36:49.852" endtime="20210604 16:36:49.864"/>
</kw>
<kw name="Capture Element Screenshot" library="RPA.Browser">
<arg>xpath://div[@id='receipt']</arg>
<arg>${OUTPUT_DIR}\\Screenshots\\Receipt-${D2}[Order number].png</arg>
<doc>Captures a screenshot from the element identified by ``locator`` and embeds it into log file.</doc>
<msg timestamp="20210604 16:36:50.535" level="INFO" html="true">&lt;/td&gt;&lt;/tr&gt;&lt;tr&gt;&lt;td colspan="3"&gt;&lt;a href="Screenshots/Receipt-5.png"&gt;&lt;img src="Screenshots/Receipt-5.png" width="400px"&gt;&lt;/a&gt;</msg>
<status status="PASS" starttime="20210604 16:36:49.871" endtime="20210604 16:36:50.536"/>
</kw>
<kw name="Append To List" library="Collections">
<arg>${files}</arg>
<arg>${OUTPUT_DIR}\\Screenshots\\Receipt-${D2}[Order number].png</arg>
<doc>Adds ``values`` to the end of ``list``.</doc>
<status status="PASS" starttime="20210604 16:36:50.541" endtime="20210604 16:36:50.547"/>
</kw>
<kw name="Capture Element Screenshot" library="RPA.Browser">
<arg>xpath://div[@id='robot-preview-image']</arg>
<arg>${OUTPUT_DIR}\\Screenshots\\RobotImage-${D2}[Order number].png</arg>
<doc>Captures a screenshot from the element identified by ``locator`` and embeds it into log file.</doc>
<msg timestamp="20210604 16:36:51.273" level="INFO" html="true">&lt;/td&gt;&lt;/tr&gt;&lt;tr&gt;&lt;td colspan="3"&gt;&lt;a href="Screenshots/RobotImage-5.png"&gt;&lt;img src="Screenshots/RobotImage-5.png" width="400px"&gt;&lt;/a&gt;</msg>
<status status="PASS" starttime="20210604 16:36:50.551" endtime="20210604 16:36:51.275"/>
</kw>
<kw name="Append To List" library="Collections">
<arg>${files}</arg>
<arg>${OUTPUT_DIR}\\Screenshots\\RobotImage-${D2}[Order number].png</arg>
<doc>Adds ``values`` to the end of ``list``.</doc>
<status status="PASS" starttime="20210604 16:36:51.282" endtime="20210604 16:36:51.288"/>
</kw>
<kw name="Log List" library="Collections">
<arg>${files}</arg>
<doc>Logs the length and contents of the ``list`` using given ``level``.</doc>
<msg timestamp="20210604 16:36:51.297" level="INFO">List length is 2 and it contains following items:
0: c:\Users\Shriraj.Joshi\.vscode\Screenshots\Receipt-5.png
1: c:\Users\Shriraj.Joshi\.vscode\Screenshots\RobotImage-5.png</msg>
<status status="PASS" starttime="20210604 16:36:51.292" endtime="20210604 16:36:51.298"/>
</kw>
<kw name="Create Directory" library="RPA.FileSystem">
<arg>${OUTPUT_DIR}\\pdf</arg>
<doc>Creates a directory and (optionally) non-existing parent directories.</doc>
<msg timestamp="20210604 16:36:51.302" level="WARN">Keyword 'Create Directory' found both from a custom test library 'RPA.FileSystem' and a standard library 'OperatingSystem'. The custom keyword is used. To select explicitly, and to get rid of this warning, use either 'RPA.FileSystem.Create Directory' or 'OperatingSystem.Create Directory'.</msg>
<status status="PASS" starttime="20210604 16:36:51.302" endtime="20210604 16:36:51.310"/>
</kw>
<kw name="Add Files To Pdf" library="RPA.PDF">
<arg>${files}</arg>
<arg>${OUTPUT_DIR}\\pdf\\${D2}[Order number].pdf</arg>
<doc>Add images and/or pdfs to new PDF document</doc>
<msg timestamp="20210604 16:36:51.320" level="INFO">File c:\Users\Shriraj.Joshi\.vscode\Screenshots\Receipt-5.png type: png</msg>
<msg timestamp="20210604 16:36:51.320" level="INFO">Image parameters: {}</msg>
<msg timestamp="20210604 16:36:51.354" level="INFO">File c:\Users\Shriraj.Joshi\.vscode\Screenshots\RobotImage-5.png type: png</msg>
<msg timestamp="20210604 16:36:51.354" level="INFO">Image parameters: {}</msg>
<status status="PASS" starttime="20210604 16:36:51.311" endtime="20210604 16:36:51.394"/>
</kw>
<kw name="Remove From List" library="Collections">
<arg>${files}</arg>
<arg>0</arg>
<doc>Removes and returns the value specified with an ``index`` from ``list``.</doc>
<status status="PASS" starttime="20210604 16:36:51.395" endtime="20210604 16:36:51.397"/>
</kw>
<kw name="Remove From List" library="Collections">
<arg>${files}</arg>
<arg>0</arg>
<doc>Removes and returns the value specified with an ``index`` from ``list``.</doc>
<status status="PASS" starttime="20210604 16:36:51.398" endtime="20210604 16:36:51.399"/>
</kw>
<kw name="Click Button When Visible" library="RPA.Browser">
<arg>xpath://button[@id='order-another']</arg>
<doc>Click button identified by ``locator``, once it becomes visible.</doc>
<msg timestamp="20210604 16:36:51.937" level="INFO">Clicking button 'xpath://button[@id='order-another']'.</msg>
<status status="PASS" starttime="20210604 16:36:51.400" endtime="20210604 16:36:53.784"/>
</kw>
<kw name="Wait And Click Button" library="RPA.Browser">
<arg>xpath://button[contains(text(),'OK')]</arg>
<doc>Click button identified by ``locator``, once it becomes visible.</doc>
<msg timestamp="20210604 16:36:54.347" level="INFO">Clicking button 'xpath://button[contains(text(),'OK')]'.</msg>
<status status="PASS" starttime="20210604 16:36:53.785" endtime="20210604 16:36:55.803"/>
</kw>
<status status="PASS" starttime="20210604 16:36:37.965" endtime="20210604 16:36:55.810"/>
</iter>
<iter>
<var name="${D2}">{'Order number': '6', 'Head': '1', 'Body': '6', 'Legs': '6', 'Address': 'Address 3'}</var>
<kw name="Log" library="BuiltIn">
<arg>${D2}[Order number]</arg>
<doc>Logs the given message with the given level.</doc>
<msg timestamp="20210604 16:36:55.834" level="INFO">6</msg>
<status status="PASS" starttime="20210604 16:36:55.827" endtime="20210604 16:36:55.836"/>
</kw>
<kw name="Log" library="BuiltIn">
<arg>${D2}[Head]</arg>
<doc>Logs the given message with the given level.</doc>
<msg timestamp="20210604 16:36:55.841" level="INFO">1</msg>
<status status="PASS" starttime="20210604 16:36:55.841" endtime="20210604 16:36:55.842"/>
</kw>
<kw name="Sleep" library="BuiltIn">
<arg>1s</arg>
<doc>Pauses the test executed for the given time.</doc>
<msg timestamp="20210604 16:36:56.854" level="INFO">Slept 1 second</msg>
<status status="PASS" starttime="20210604 16:36:55.843" endtime="20210604 16:36:56.856"/>
</kw>
<kw name="Set Selenium Speed" library="RPA.Browser">
<arg>0.25 seconds</arg>
<doc>Sets the delay that is waited after each Selenium command.</doc>
<status status="PASS" starttime="20210604 16:36:56.866" endtime="20210604 16:36:56.873"/>
</kw>
<kw name="Select From List By Value" library="RPA.Browser">
<arg>xpath://select[@id='head']</arg>
<arg>${D2}[Head]</arg>
<doc>Selects options from selection list ``locator`` by ``values``.</doc>
<msg timestamp="20210604 16:36:56.887" level="INFO">Selecting options from selection list 'xpath://select[@id='head']' by value 1.</msg>
<status status="PASS" starttime="20210604 16:36:56.880" endtime="20210604 16:36:58.925"/>
</kw>
<kw name="Log" library="BuiltIn">
<arg>${D2}[Body]</arg>
<doc>Logs the given message with the given level.</doc>
<msg timestamp="20210604 16:36:58.938" level="INFO">6</msg>
<status status="PASS" starttime="20210604 16:36:58.931" endtime="20210604 16:36:58.939"/>
</kw>
<kw name="Click Element When Visible" library="RPA.Browser">
<arg>xpath://input[@id='id-body-${D2}[Body]']</arg>
<doc>Click element identified by ``locator``, once it becomes visible.</doc>
<msg timestamp="20210604 16:36:59.522" level="INFO">Clicking element 'xpath://input[@id='id-body-6']'.</msg>
<status status="PASS" starttime="20210604 16:36:58.945" endtime="20210604 16:37:00.105"/>
</kw>
<kw name="Log" library="BuiltIn">
<arg>${D2}[Legs]</arg>
<doc>Logs the given message with the given level.</doc>
<msg timestamp="20210604 16:37:00.108" level="INFO">6</msg>
<status status="PASS" starttime="20210604 16:37:00.107" endtime="20210604 16:37:00.108"/>
</kw>
<kw name="Input Text When Element Is Visible" library="RPA.Browser">
<arg>xpath://input[@placeholder='Enter the part number for the legs']</arg>
<arg>${D2}[Legs]</arg>
<doc>Input text into locator after it has become visible.</doc>
[...]
<doc>Adds ``values`` to the end of ``list``.</doc>
<status status="PASS" starttime="20210604 16:41:25.776" endtime="20210604 16:41:25.778"/>
</kw>
<kw name="Log List" library="Collections">
<arg>${files}</arg>
<doc>Logs the length and contents of the ``list`` using given ``level``.</doc>
<msg timestamp="20210604 16:41:25.780" level="INFO">List length is 2 and it contains following items:
0: c:\Users\Shriraj.Joshi\.vscode\Screenshots\Receipt-20.png
1: c:\Users\Shriraj.Joshi\.vscode\Screenshots\RobotImage-20.png</msg>
<status status="PASS" starttime="20210604 16:41:25.779" endtime="20210604 16:41:25.781"/>
</kw>
<kw name="Create Directory" library="RPA.FileSystem">
<arg>${OUTPUT_DIR}\\pdf</arg>
<doc>Creates a directory and (optionally) non-existing parent directories.</doc>
<msg timestamp="20210604 16:41:25.782" level="WARN">Keyword 'Create Directory' found both from a custom test library 'RPA.FileSystem' and a standard library 'OperatingSystem'. The custom keyword is used. To select explicitly, and to get rid of this warning, use either 'RPA.FileSystem.Create Directory' or 'OperatingSystem.Create Directory'.</msg>
<status status="PASS" starttime="20210604 16:41:25.782" endtime="20210604 16:41:25.785"/>
</kw>
<kw name="Add Files To Pdf" library="RPA.PDF">
<arg>${files}</arg>
<arg>${OUTPUT_DIR}\\pdf\\${D2}[Order number].pdf</arg>
<doc>Add images and/or pdfs to new PDF document</doc>
<msg timestamp="20210604 16:41:25.794" level="INFO">File c:\Users\Shriraj.Joshi\.vscode\Screenshots\Receipt-20.png type: png</msg>
<msg timestamp="20210604 16:41:25.794" level="INFO">Image parameters: {}</msg>
<msg timestamp="20210604 16:41:25.828" level="INFO">File c:\Users\Shriraj.Joshi\.vscode\Screenshots\RobotImage-20.png type: png</msg>
<msg timestamp="20210604 16:41:25.829" level="INFO">Image parameters: {}</msg>
<status status="PASS" starttime="20210604 16:41:25.786" endtime="20210604 16:41:25.861"/>
</kw>
<kw name="Remove From List" library="Collections">
<arg>${files}</arg>
<arg>0</arg>
<doc>Removes and returns the value specified with an ``index`` from ``list``.</doc>
<status status="PASS" starttime="20210604 16:41:25.863" endtime="20210604 16:41:25.864"/>
</kw>
<kw name="Remove From List" library="Collections">
<arg>${files}</arg>
<arg>0</arg>
<doc>Removes and returns the value specified with an ``index`` from ``list``.</doc>
<status status="PASS" starttime="20210604 16:41:25.865" endtime="20210604 16:41:25.866"/>
</kw>
<kw name="Click Button When Visible" library="RPA.Browser">
<arg>xpath://button[@id='order-another']</arg>
<doc>Click button identified by ``locator``, once it becomes visible.</doc>
<msg timestamp="20210604 16:41:26.400" level="INFO">Clicking button 'xpath://button[@id='order-another']'.</msg>
<status status="PASS" starttime="20210604 16:41:25.867" endtime="20210604 16:41:28.220"/>
</kw>
<kw name="Wait And Click Button" library="RPA.Browser">
<arg>xpath://button[contains(text(),'OK')]</arg>
<doc>Click button identified by ``locator``, once it becomes visible.</doc>
<msg timestamp="20210604 16:41:28.800" level="INFO">Clicking button 'xpath://button[contains(text(),'OK')]'.</msg>
<status status="PASS" starttime="20210604 16:41:28.229" endtime="20210604 16:41:30.197"/>
</kw>
<status status="PASS" starttime="20210604 16:41:12.001" endtime="20210604 16:41:30.198"/>
</iter>
<status status="PASS" starttime="20210604 16:35:25.990" endtime="20210604 16:41:30.199"/>
</for>
<status status="PASS" starttime="20210604 16:35:25.989" endtime="20210604 16:41:30.200"/>
</iter>
<status status="PASS" starttime="20210604 16:35:25.988" endtime="20210604 16:41:30.202"/>
</for>
<status status="PASS" starttime="20210604 16:35:25.984" endtime="20210604 16:41:30.203"/>
</kw>
<kw name="Create_a_ZIP_File">
<kw name="Create Directory" library="RPA.FileSystem">
<arg>${OUTPUT_DIR}\\OP_ZIP_Result</arg>
<doc>Creates a directory and (optionally) non-existing parent directories.</doc>
<msg timestamp="20210604 16:41:30.206" level="WARN">Keyword 'Create Directory' found both from a custom test library 'RPA.FileSystem' and a standard library 'OperatingSystem'. The custom keyword is used. To select explicitly, and to get rid of this warning, use either 'RPA.FileSystem.Create Directory' or 'OperatingSystem.Create Directory'.</msg>
<status status="PASS" starttime="20210604 16:41:30.206" endtime="20210604 16:41:30.209"/>
</kw>
<kw name="Archive Folder With Zip" library="RPA.Archive">
<arg>${OUTPUT_DIR}\\pdf</arg>
<arg>${OUTPUT_DIR}\\mydocs.zip</arg>
<doc>Create a zip archive of a folder</doc>
<status status="PASS" starttime="20210604 16:41:30.210" endtime="20210604 16:41:30.372"/>
</kw>
<status status="PASS" starttime="20210604 16:41:30.204" endtime="20210604 16:41:30.374"/>
</kw>
<kw name="Log" library="BuiltIn">
<arg>WooHoo!! Newly Create zip file is at location: ${OUTPUT_DIR}\\</arg>
<doc>Logs the given message with the given level.</doc>
<msg timestamp="20210604 16:41:30.376" level="INFO">WooHoo!! Newly Create zip file is at location: c:\Users\Shriraj.Joshi\.vscode\</msg>
<status status="PASS" starttime="20210604 16:41:30.375" endtime="20210604 16:41:30.377"/>
</kw>
<status status="PASS" starttime="20210604 16:35:07.613" endtime="20210604 16:41:30.378"/>
</test>
<doc>Template robot main suite.</doc>
<status status="PASS" starttime="20210604 16:35:05.302" endtime="20210604 16:41:30.381"/>
</suite>
<statistics>
<total>
<stat pass="1" fail="0" skip="0">All Tasks</stat>
</total>
<tag>
</tag>
<suite>
<stat pass="1" fail="0" skip="0" id="s1" name="Tasks">Tasks</stat>
</suite>
</statistics>
<errors>
<msg timestamp="20210604 16:35:06.096" level="WARN">This is a deprecated import that will be removed in favor of RPA.Browser.Selenium</msg>
<msg timestamp="20210604 16:35:38.827" level="WARN">Keyword 'Create Directory' found both from a custom test library 'RPA.FileSystem' and a standard library 'OperatingSystem'. The custom keyword is used. To select explicitly, and to get rid of this warning, use either 'RPA.FileSystem.Create Directory' or 'OperatingSystem.Create Directory'.</msg>
<msg timestamp="20210604 16:35:40.083" level="WARN">Keyword 'Create Directory' found both from a custom test library 'RPA.FileSystem' and a standard library 'OperatingSystem'. The custom keyword is used. To select explicitly, and to get rid of this warning, use either 'RPA.FileSystem.Create Directory' or 'OperatingSystem.Create Directory'.</msg>
<msg timestamp="20210604 16:35:56.340" level="WARN">Keyword 'Create Directory' found both from a custom test library 'RPA.FileSystem' and a standard library 'OperatingSystem'. The custom keyword is used. To select explicitly, and to get rid of this warning, use either 'RPA.FileSystem.Create Directory' or 'OperatingSystem.Create Directory'.</msg>
<msg timestamp="20210604 16:35:57.780" level="WARN">Keyword 'Create Directory' found both from a custom test library 'RPA.FileSystem' and a standard library 'OperatingSystem'. The custom keyword is used. To select explicitly, and to get rid of this warning, use either 'RPA.FileSystem.Create Directory' or 'OperatingSystem.Create Directory'.</msg>
<msg timestamp="20210604 16:36:14.282" level="WARN">Keyword 'Create Directory' found both from a custom test library 'RPA.FileSystem' and a standard library 'OperatingSystem'. The custom keyword is used. To select explicitly, and to get rid of this warning, use either 'RPA.FileSystem.Create Directory' or 'OperatingSystem.Create Directory'.</msg>
<msg timestamp="20210604 16:36:15.746" level="WARN">Keyword 'Create Directory' found both from a custom test library 'RPA.FileSystem' and a standard library 'OperatingSystem'. The custom keyword is used. To select explicitly, and to get rid of this warning, use either 'RPA.FileSystem.Create Directory' or 'OperatingSystem.Create Directory'.</msg>
<msg timestamp="20210604 16:36:32.126" level="WARN">Keyword 'Create Directory' found both from a custom test library 'RPA.FileSystem' and a standard library 'OperatingSystem'. The custom keyword is used. To select explicitly, and to get rid of this warning, use either 'RPA.FileSystem.Create Directory' or 'OperatingSystem.Create Directory'.</msg>
<msg timestamp="20210604 16:36:33.470" level="WARN">Keyword 'Create Directory' found both from a custom test library 'RPA.FileSystem' and a standard library 'OperatingSystem'. The custom keyword is used. To select explicitly, and to get rid of this warning, use either 'RPA.FileSystem.Create Directory' or 'OperatingSystem.Create Directory'.</msg>
<msg timestamp="20210604 16:36:49.851" level="WARN">Keyword 'Create Directory' found both from a custom test library 'RPA.FileSystem' and a standard library 'OperatingSystem'. The custom keyword is used. To select explicitly, and to get rid of this warning, use either 'RPA.FileSystem.Create Directory' or 'OperatingSystem.Create Directory'.</msg>
<msg timestamp="20210604 16:36:51.302" level="WARN">Keyword 'Create Directory' found both from a custom test library 'RPA.FileSystem' and a standard library 'OperatingSystem'. The custom keyword is used. To select explicitly, and to get rid of this warning, use either 'RPA.FileSystem.Create Directory' or 'OperatingSystem.Create Directory'.</msg>
<msg timestamp="20210604 16:37:07.710" level="WARN">Keyword 'Create Directory' found both from a custom test library 'RPA.FileSystem' and a standard library 'OperatingSystem'. The custom keyword is used. To select explicitly, and to get rid of this warning, use either 'RPA.FileSystem.Create Directory' or 'OperatingSystem.Create Directory'.</msg>
<msg timestamp="20210604 16:37:09.043" level="WARN">Keyword 'Create Directory' found both from a custom test library 'RPA.FileSystem' and a standard library 'OperatingSystem'. The custom keyword is used. To select explicitly, and to get rid of this warning, use either 'RPA.FileSystem.Create Directory' or 'OperatingSystem.Create Directory'.</msg>
<msg timestamp="20210604 16:37:25.381" level="WARN">Keyword 'Create Directory' found both from a custom test library 'RPA.FileSystem' and a standard library 'OperatingSystem'. The custom keyword is used. To select explicitly, and to get rid of this warning, use either 'RPA.FileSystem.Create Directory' or 'OperatingSystem.Create Directory'.</msg>
<msg timestamp="20210604 16:37:26.790" level="WARN">Keyword 'Create Directory' found both from a custom test library 'RPA.FileSystem' and a standard library 'OperatingSystem'. The custom keyword is used. To select explicitly, and to get rid of this warning, use either 'RPA.FileSystem.Create Directory' or 'OperatingSystem.Create Directory'.</msg>
<msg timestamp="20210604 16:37:43.279" level="WARN">Keyword 'Create Directory' found both from a custom test library 'RPA.FileSystem' and a standard library 'OperatingSystem'. The custom keyword is used. To select explicitly, and to get rid of this warning, use either 'RPA.FileSystem.Create Directory' or 'OperatingSystem.Create Directory'.</msg>
<msg timestamp="20210604 16:37:44.682" level="WARN">Keyword 'Create Directory' found both from a custom test library 'RPA.FileSystem' and a standard library 'OperatingSystem'. The custom keyword is used. To select explicitly, and to get rid of this warning, use either 'RPA.FileSystem.Create Directory' or 'OperatingSystem.Create Directory'.</msg>
<msg timestamp="20210604 16:38:02.992" level="WARN">Keyword 'Create Directory' found both from a custom test library 'RPA.FileSystem' and a standard library 'OperatingSystem'. The custom keyword is used. To select explicitly, and to get rid of this warning, use either 'RPA.FileSystem.Create Directory' or 'OperatingSystem.Create Directory'.</msg>
<msg timestamp="20210604 16:38:04.497" level="WARN">Keyword 'Create Directory' found both from a custom test library 'RPA.FileSystem' and a standard library 'OperatingSystem'. The custom keyword is used. To select explicitly, and to get rid of this warning, use either 'RPA.FileSystem.Create Directory' or 'OperatingSystem.Create Directory'.</msg>
<msg timestamp="20210604 16:38:20.990" level="WARN">Keyword 'Create Directory' found both from a custom test library 'RPA.FileSystem' and a standard library 'OperatingSystem'. The custom keyword is used. To select explicitly, and to get rid of this warning, use either 'RPA.FileSystem.Create Directory' or 'OperatingSystem.Create Directory'.</msg>
<msg timestamp="20210604 16:38:22.398" level="WARN">Keyword 'Create Directory' found both from a custom test library 'RPA.FileSystem' and a standard library 'OperatingSystem'. The custom keyword is used. To select explicitly, and to get rid of this warning, use either 'RPA.FileSystem.Create Directory' or 'OperatingSystem.Create Directory'.</msg>
<msg timestamp="20210604 16:38:38.845" level="WARN">Keyword 'Create Directory' found both from a custom test library 'RPA.FileSystem' and a standard library 'OperatingSystem'. The custom keyword is used. To select explicitly, and to get rid of this warning, use either 'RPA.FileSystem.Create Directory' or 'OperatingSystem.Create Directory'.</msg>
<msg timestamp="20210604 16:38:40.258" level="WARN">Keyword 'Create Directory' found both from a custom test library 'RPA.FileSystem' and a standard library 'OperatingSystem'. The custom keyword is used. To select explicitly, and to get rid of this warning, use either 'RPA.FileSystem.Create Directory' or 'OperatingSystem.Create Directory'.</msg>
<msg timestamp="20210604 16:38:56.851" level="WARN">Keyword 'Create Directory' found both from a custom test library 'RPA.FileSystem' and a standard library 'OperatingSystem'. The custom keyword is used. To select explicitly, and to get rid of this warning, use either 'RPA.FileSystem.Create Directory' or 'OperatingSystem.Create Directory'.</msg>
<msg timestamp="20210604 16:38:58.418" level="WARN">Keyword 'Create Directory' found both from a custom test library 'RPA.FileSystem' and a standard library 'OperatingSystem'. The custom keyword is used. To select explicitly, and to get rid of this warning, use either 'RPA.FileSystem.Create Directory' or 'OperatingSystem.Create Directory'.</msg>
<msg timestamp="20210604 16:39:15.041" level="WARN">Keyword 'Create Directory' found both from a custom test library 'RPA.FileSystem' and a standard library 'OperatingSystem'. The custom keyword is used. To select explicitly, and to get rid of this warning, use either 'RPA.FileSystem.Create Directory' or 'OperatingSystem.Create Directory'.</msg>
<msg timestamp="20210604 16:39:16.524" level="WARN">Keyword 'Create Directory' found both from a custom test library 'RPA.FileSystem' and a standard library 'OperatingSystem'. The custom keyword is used. To select explicitly, and to get rid of this warning, use either 'RPA.FileSystem.Create Directory' or 'OperatingSystem.Create Directory'.</msg>
<msg timestamp="20210604 16:39:33.830" level="WARN">Keyword 'Create Directory' found both from a custom test library 'RPA.FileSystem' and a standard library 'OperatingSystem'. The custom keyword is used. To select explicitly, and to get rid of this warning, use either 'RPA.FileSystem.Create Directory' or 'OperatingSystem.Create Directory'.</msg>
<msg timestamp="20210604 16:39:35.269" level="WARN">Keyword 'Create Directory' found both from a custom test library 'RPA.FileSystem' and a standard library 'OperatingSystem'. The custom keyword is used. To select explicitly, and to get rid of this warning, use either 'RPA.FileSystem.Create Directory' or 'OperatingSystem.Create Directory'.</msg>
<msg timestamp="20210604 16:39:52.934" level="WARN">Keyword 'Create Directory' found both from a custom test library 'RPA.FileSystem' and a standard library 'OperatingSystem'. The custom keyword is used. To select explicitly, and to get rid of this warning, use either 'RPA.FileSystem.Create Directory' or 'OperatingSystem.Create Directory'.</msg>
<msg timestamp="20210604 16:39:54.384" level="WARN">Keyword 'Create Directory' found both from a custom test library 'RPA.FileSystem' and a standard library 'OperatingSystem'. The custom keyword is used. To select explicitly, and to get rid of this warning, use either 'RPA.FileSystem.Create Directory' or 'OperatingSystem.Create Directory'.</msg>
<msg timestamp="20210604 16:40:10.946" level="WARN">Keyword 'Create Directory' found both from a custom test library 'RPA.FileSystem' and a standard library 'OperatingSystem'. The custom keyword is used. To select explicitly, and to get rid of this warning, use either 'RPA.FileSystem.Create Directory' or 'OperatingSystem.Create Directory'.</msg>
<msg timestamp="20210604 16:40:12.451" level="WARN">Keyword 'Create Directory' found both from a custom test library 'RPA.FileSystem' and a standard library 'OperatingSystem'. The custom keyword is used. To select explicitly, and to get rid of this warning, use either 'RPA.FileSystem.Create Directory' or 'OperatingSystem.Create Directory'.</msg>
<msg timestamp="20210604 16:40:28.960" level="WARN">Keyword 'Create Directory' found both from a custom test library 'RPA.FileSystem' and a standard library 'OperatingSystem'. The custom keyword is used. To select explicitly, and to get rid of this warning, use either 'RPA.FileSystem.Create Directory' or 'OperatingSystem.Create Directory'.</msg>
<msg timestamp="20210604 16:40:30.419" level="WARN">Keyword 'Create Directory' found both from a custom test library 'RPA.FileSystem' and a standard library 'OperatingSystem'. The custom keyword is used. To select explicitly, and to get rid of this warning, use either 'RPA.FileSystem.Create Directory' or 'OperatingSystem.Create Directory'.</msg>
<msg timestamp="20210604 16:40:46.837" level="WARN">Keyword 'Create Directory' found both from a custom test library 'RPA.FileSystem' and a standard library 'OperatingSystem'. The custom keyword is used. To select explicitly, and to get rid of this warning, use either 'RPA.FileSystem.Create Directory' or 'OperatingSystem.Create Directory'.</msg>
<msg timestamp="20210604 16:40:48.251" level="WARN">Keyword 'Create Directory' found both from a custom test library 'RPA.FileSystem' and a standard library 'OperatingSystem'. The custom keyword is used. To select explicitly, and to get rid of this warning, use either 'RPA.FileSystem.Create Directory' or 'OperatingSystem.Create Directory'.</msg>
<msg timestamp="20210604 16:41:05.946" level="WARN">Keyword 'Create Directory' found both from a custom test library 'RPA.FileSystem' and a standard library 'OperatingSystem'. The custom keyword is used. To select explicitly, and to get rid of this warning, use either 'RPA.FileSystem.Create Directory' or 'OperatingSystem.Create Directory'.</msg>
<msg timestamp="20210604 16:41:07.338" level="WARN">Keyword 'Create Directory' found both from a custom test library 'RPA.FileSystem' and a standard library 'OperatingSystem'. The custom keyword is used. To select explicitly, and to get rid of this warning, use either 'RPA.FileSystem.Create Directory' or 'OperatingSystem.Create Directory'.</msg>
<msg timestamp="20210604 16:41:24.343" level="WARN">Keyword 'Create Directory' found both from a custom test library 'RPA.FileSystem' and a standard library 'OperatingSystem'. The custom keyword is used. To select explicitly, and to get rid of this warning, use either 'RPA.FileSystem.Create Directory' or 'OperatingSystem.Create Directory'.</msg>
<msg timestamp="20210604 16:41:25.782" level="WARN">Keyword 'Create Directory' found both from a custom test library 'RPA.FileSystem' and a standard library 'OperatingSystem'. The custom keyword is used. To select explicitly, and to get rid of this warning, use either 'RPA.FileSystem.Create Directory' or 'OperatingSystem.Create Directory'.</msg>
<msg timestamp="20210604 16:41:30.206" level="WARN">Keyword 'Create Directory' found both from a custom test library 'RPA.FileSystem' and a standard library 'OperatingSystem'. The custom keyword is used. To select explicitly, and to get rid of this warning, use either 'RPA.FileSystem.Create Directory' or 'OperatingSystem.Create Directory'.</msg>
</errors>
</robot>
